Using pre-set license
Built from '2021.1/staging' branch; Version is '2021.1.15f1 (e767a7370072) revision 15165351'; Using compiler version '192528614'; Build Type 'Release'
OS: 'Windows 10 Home; OS build 19044.1706; Version 2009; 64bit' Language: 'en' Physical Memory: 8079 MB
BatchMode: 1, IsHumanControllingUs: 0, StartBugReporterOnCrash: 0, Is64bit: 1, IsPro: 0

 COMMAND LINE ARGUMENTS:
C:\Program Files\Unity 2021.1.15f1\Editor\Unity.exe
-adb2
-batchMode
-noUpm
-name
AssetImportWorker0
-projectPath
C:/Users/Aryan Puthran/Unity Games/Current/MidnightPsychosis-main
-logFile
Logs/AssetImportWorker0.log
-srvPort
62497
Successfully changed project path to: C:/Users/Aryan Puthran/Unity Games/Current/MidnightPsychosis-main
C:/Users/Aryan Puthran/Unity Games/Current/MidnightPsychosis-main
Using Asset Import Pipeline V2.
Refreshing native plugins compatible for Editor in 120.69 ms, found 3 plugins.
Preloading 0 native plugins for Editor in 0.00 ms.
Initialize engine version: 2021.1.15f1 (e767a7370072)
[Subsystems] Discovering subsystems at path C:/Program Files/Unity 2021.1.15f1/Editor/Data/Resources/UnitySubsystems
[Subsystems] Discovering subsystems at path C:/Users/Aryan Puthran/Unity Games/Current/MidnightPsychosis-main/Assets
GfxDevice: creating device client; threaded=0; jobified=0
Direct3D:
    Version:  Direct3D 11.0 [level 11.1]
    Renderer: Intel(R) UHD Graphics 620 (ID=0x3ea0)
    Vendor:   Intel
    VRAM:     4039 MB
    Driver:   26.20.100.7926
Initialize mono
Mono path[0] = 'C:/Program Files/Unity 2021.1.15f1/Editor/Data/Managed'
Mono path[1] = 'C:/Program Files/Unity 2021.1.15f1/Editor/Data/MonoBleedingEdge/lib/mono/unityjit'
Mono config path = 'C:/Program Files/Unity 2021.1.15f1/Editor/Data/MonoBleedingEdge/etc'
Using monoOptions --debugger-agent=transport=dt_socket,embedding=1,server=y,suspend=n,address=127.0.0.1:56520
Begin MonoManager ReloadAssembly
Registering precompiled unity dll's ...
Register platform support module: C:/Program Files/Unity 2021.1.15f1/Editor/Data/PlaybackEngines/WindowsStandaloneSupport/UnityEditor.WindowsStandalone.Extensions.dll
Registered in 0.003159 seconds.
Native extension for WindowsStandalone target not found
Refreshing native plugins compatible for Editor in 152.74 ms, found 3 plugins.
Preloading 0 native plugins for Editor in 0.00 ms.
Mono: successfully reloaded assembly
- Completed reload, in  1.694 seconds
Domain Reload Profiling:
	ReloadAssembly (1695ms)
		BeginReloadAssembly (66ms)
			ExecutionOrderSort (0ms)
			DisableScriptedObjects (0ms)
			BackupInstance (0ms)
			ReleaseScriptingObjects (0ms)
			CreateAndSetChildDomain (1ms)
		EndReloadAssembly (686ms)
			LoadAssemblies (63ms)
			RebuildTransferFunctionScriptingTraits (0ms)
			SetupTypeCache (248ms)
			ReleaseScriptCaches (0ms)
			RebuildScriptCaches (41ms)
			SetupLoadedEditorAssemblies (335ms)
				LogAssemblyErrors (0ms)
				InitializePlatformSupportModulesInManaged (8ms)
				SetLoadedEditorAssemblies (0ms)
				RefreshPlugins (153ms)
				BeforeProcessingInitializeOnLoad (2ms)
				ProcessInitializeOnLoadAttributes (133ms)
				ProcessInitializeOnLoadMethodAttributes (39ms)
				AfterProcessingInitializeOnLoad (0ms)
				EditorAssembliesLoaded (0ms)
			ExecutionOrderSort2 (0ms)
			AwakeInstancesAfterBackupRestoration (0ms)
Platform modules already initialized, skipping
Registering precompiled user dll's ...
Registered in 0.009703 seconds.
Begin MonoManager ReloadAssembly
Symbol file LoadedFromMemory doesn't match image C:\Users\Aryan Puthran\Unity Games\Current\MidnightPsychosis-main\Library\PackageCache\com.unity.visualscripting@1.6.1\Editor\VisualScripting.Core\Dependencies\YamlDotNet\Unity.VisualScripting.YamlDotNet.dll
Symbol file LoadedFromMemory doesn't match image C:\Users\Aryan Puthran\Unity Games\Current\MidnightPsychosis-main\Library\PackageCache\com.unity.visualscripting@1.6.1\Editor\VisualScripting.Core\Dependencies\DotNetZip\Unity.VisualScripting.IonicZip.dll
Native extension for WindowsStandalone target not found
Refreshing native plugins compatible for Editor in 112.40 ms, found 3 plugins.
Preloading 0 native plugins for Editor in 0.00 ms.
Mono: successfully reloaded assembly
- Completed reload, in  1.487 seconds
Domain Reload Profiling:
	ReloadAssembly (1488ms)
		BeginReloadAssembly (171ms)
			ExecutionOrderSort (0ms)
			DisableScriptedObjects (5ms)
			BackupInstance (0ms)
			ReleaseScriptingObjects (0ms)
			CreateAndSetChildDomain (22ms)
		EndReloadAssembly (1245ms)
			LoadAssemblies (115ms)
			RebuildTransferFunctionScriptingTraits (0ms)
			SetupTypeCache (431ms)
			ReleaseScriptCaches (1ms)
			RebuildScriptCaches (67ms)
			SetupLoadedEditorAssemblies (522ms)
				LogAssemblyErrors (0ms)
				InitializePlatformSupportModulesInManaged (4ms)
				SetLoadedEditorAssemblies (0ms)
				RefreshPlugins (113ms)
				BeforeProcessingInitializeOnLoad (106ms)
				ProcessInitializeOnLoadAttributes (285ms)
				ProcessInitializeOnLoadMethodAttributes (5ms)
				AfterProcessingInitializeOnLoad (8ms)
				EditorAssembliesLoaded (0ms)
			ExecutionOrderSort2 (0ms)
			AwakeInstancesAfterBackupRestoration (9ms)
Platform modules already initialized, skipping
========================================================================
Worker process is ready to serve import requests
Launched and connected shader compiler UnityShaderCompiler.exe after 0.06 seconds
Refreshing native plugins compatible for Editor in 0.83 ms, found 3 plugins.
Preloading 0 native plugins for Editor in 0.00 ms.
Unloading 4501 Unused Serialized files (Serialized files now loaded: 0)
System memory in use before: 175.4 MB.
System memory in use after: 175.5 MB.

Unloading 24 unused Assets to reduce memory usage. Loaded Objects now: 4944.
Total: 7.478000 ms (FindLiveObjects: 0.355600 ms CreateObjectMapping: 0.194100 ms MarkObjects: 6.821700 ms  DeleteObjects: 0.104900 ms)

AssetImportParameters requested are different than current active one (requested -> active):
  custom:framework-win-MediaFoundation: 216162199b28c13a410421893ffa2e32 -> 
  custom:video-decoder-ogg-theora: a1e56fd34408186e4bbccfd4996cb3dc -> 
  custom:container-muxer-webm: aa71ff27fc2769a1b78a27578f13a17b -> 
  custom:container-demuxer-webm: 4f35f7cbe854078d1ac9338744f61a02 -> 
  custom:container-demuxer-ogg: 62fdf1f143b41e24485cea50d1cbac27 -> 
  custom:video-encoder-webm-vp8: eb34c28f22e8b96e1ab97ce403110664 -> 
  custom:video-decoder-webm-vp8: 9c59270c3fd7afecdb556c50c9e8de78 -> 
  custom:audio-decoder-ogg-vorbis: bf7c407c2cedff20999df2af8eb42d56 -> 
  custom:audio-encoder-webm-vorbis: bf7c407c2cedff20999df2af8eb42d56 -> 
========================================================================
Received Import Request.
  path: Assets/LowRes.renderTexture
  artifactKey: Guid(d1a28d9969c185047b252150c0c0bbcc) Importer(815301076,1909f56bfc062723c751e8b465ee728b)
Start importing Assets/LowRes.renderTexture using Guid(d1a28d9969c185047b252150c0c0bbcc) Importer(815301076,1909f56bfc062723c751e8b465ee728b)  -> (artifact id: '912914619b97857cf248908c17a3e716') in 0.105333 seconds 
========================================================================
Received Import Request.
  Time since last request: 428.375907 seconds.
  path: Assets/Scenes
  artifactKey: Guid(4fd43c32ec8544e479959ea8f32d8b9a) Importer(815301076,1909f56bfc062723c751e8b465ee728b)
Start importing Assets/Scenes using Guid(4fd43c32ec8544e479959ea8f32d8b9a) Importer(815301076,1909f56bfc062723c751e8b465ee728b)  -> (artifact id: '2032dd9a28513112f8e9094debb11e4c') in 0.011280 seconds 
========================================================================
Received Import Request.
  Time since last request: 65.139043 seconds.
  path: Assets/Scenes/Levels
  artifactKey: Guid(4fc34d6a700731e44a3efd9ff9670d99) Importer(815301076,1909f56bfc062723c751e8b465ee728b)
Start importing Assets/Scenes/Levels using Guid(4fc34d6a700731e44a3efd9ff9670d99) Importer(815301076,1909f56bfc062723c751e8b465ee728b)  -> (artifact id: '9920b38bfa1b9c6890a2c46654ddf1d9') in 0.013650 seconds 
========================================================================
Received Import Request.
  Time since last request: 1.119379 seconds.
  path: Assets/Scenes/Levels/Day 1
  artifactKey: Guid(b7e3420ec8bd5c842b83cc5036d53fd0) Importer(815301076,1909f56bfc062723c751e8b465ee728b)
Start importing Assets/Scenes/Levels/Day 1 using Guid(b7e3420ec8bd5c842b83cc5036d53fd0) Importer(815301076,1909f56bfc062723c751e8b465ee728b)  -> (artifact id: '7690ff5c6ff8bfd0739530f248b5c1e6') in 0.009369 seconds 
========================================================================
Received Import Request.
  Time since last request: 1.189761 seconds.
  path: Assets/Scenes/Levels/Day 1/Hour1.unity
  artifactKey: Guid(d1c3109bdb54ad54c8a2b2838528e640) Importer(815301076,1909f56bfc062723c751e8b465ee728b)
Start importing Assets/Scenes/Levels/Day 1/Hour1.unity using Guid(d1c3109bdb54ad54c8a2b2838528e640) Importer(815301076,1909f56bfc062723c751e8b465ee728b)  -> (artifact id: 'cd598d0f07c0ac030b4fe6b50b90b1fd') in 0.011991 seconds 
========================================================================
Received Import Request.
  Time since last request: 15.163696 seconds.
  path: Assets/Scenes/MainMenu
  artifactKey: Guid(ed955c3d145091147bceb355783ce0d9) Importer(815301076,1909f56bfc062723c751e8b465ee728b)
Start importing Assets/Scenes/MainMenu using Guid(ed955c3d145091147bceb355783ce0d9) Importer(815301076,1909f56bfc062723c751e8b465ee728b)  -> (artifact id: 'cbaaff86b56bd21446357280d07f50a8') in 0.008519 seconds 
========================================================================
Received Import Request.
  Time since last request: 0.837684 seconds.
  path: Assets/Scenes/MainMenu/MainMenu.unity
  artifactKey: Guid(1dfa6b012194a79429e9abd08ac49d2a) Importer(815301076,1909f56bfc062723c751e8b465ee728b)
Start importing Assets/Scenes/MainMenu/MainMenu.unity using Guid(1dfa6b012194a79429e9abd08ac49d2a) Importer(815301076,1909f56bfc062723c751e8b465ee728b)  -> (artifact id: '837638a08b503105332cf9eadf67bc8c') in 0.008843 seconds 
========================================================================
Received Import Request.
  Time since last request: 42.881903 seconds.
  path: Assets/Scenes/Levels/Day 1/Hour1
  artifactKey: Guid(b6282f659afb9d1449601c9a78343690) Importer(815301076,1909f56bfc062723c751e8b465ee728b)
Start importing Assets/Scenes/Levels/Day 1/Hour1 using Guid(b6282f659afb9d1449601c9a78343690) Importer(815301076,1909f56bfc062723c751e8b465ee728b)  -> (artifact id: 'f2781eea507882d95b588454c36cf281') in 0.021120 seconds 
========================================================================
Received Import Request.
  Time since last request: 2.470566 seconds.
  path: Assets/Scenes/Levels/Day 1/Hour1/Parent's note
  artifactKey: Guid(cdfd6a3be56daf243b67b58ac07fa207) Importer(815301076,1909f56bfc062723c751e8b465ee728b)
Start importing Assets/Scenes/Levels/Day 1/Hour1/Parent's note using Guid(cdfd6a3be56daf243b67b58ac07fa207) Importer(815301076,1909f56bfc062723c751e8b465ee728b)  -> (artifact id: '645b813579c09fd7ded01cb130b4f22b') in 0.013428 seconds 
========================================================================
Received Import Request.
  Time since last request: 0.108508 seconds.
  path: Assets/Scenes/Levels/Day 1/Hour1/Parent's note/IMG_9667.jpg
  artifactKey: Guid(b1f57adc43f68fe419ad5c0e8a888bc6) Importer(815301076,1909f56bfc062723c751e8b465ee728b)
Start importing Assets/Scenes/Levels/Day 1/Hour1/Parent's note/IMG_9667.jpg using Guid(b1f57adc43f68fe419ad5c0e8a888bc6) Importer(815301076,1909f56bfc062723c751e8b465ee728b)  -> (artifact id: '15c8f7fb04481f766165e9f064f9b7b5') in 0.078064 seconds 
========================================================================
Received Import Request.
  Time since last request: 0.000491 seconds.
  path: Assets/Scenes/Levels/Day 1/Hour1/Parent's note/IMG_9667.mat
  artifactKey: Guid(df5746a0c848c824f8bc9137f2c34c9c) Importer(815301076,1909f56bfc062723c751e8b465ee728b)
Start importing Assets/Scenes/Levels/Day 1/Hour1/Parent's note/IMG_9667.mat using Guid(df5746a0c848c824f8bc9137f2c34c9c) Importer(815301076,1909f56bfc062723c751e8b465ee728b)  -> (artifact id: 'bcd8cfbd2301b305afceb3a697f89b30') in 0.337767 seconds 
========================================================================
Received Import Request.
  Time since last request: 10.361705 seconds.
  path: Assets/Scenes/Levels/Day 1/Hour1/Sprites
  artifactKey: Guid(c3229e644cf4d654f81f9458fcd879da) Importer(815301076,1909f56bfc062723c751e8b465ee728b)
Start importing Assets/Scenes/Levels/Day 1/Hour1/Sprites using Guid(c3229e644cf4d654f81f9458fcd879da) Importer(815301076,1909f56bfc062723c751e8b465ee728b)  -> (artifact id: '425eeaa6de2cca3ee2f4b1c7ec34d8b5') in 0.012329 seconds 
========================================================================
Received Import Request.
  Time since last request: 0.056328 seconds.
  path: Assets/Scenes/Levels/Day 1/Hour1/Sprites/cookie.png
  artifactKey: Guid(ab9647848e905b945ab5d3a097ed9f2a) Importer(815301076,1909f56bfc062723c751e8b465ee728b)
Start importing Assets/Scenes/Levels/Day 1/Hour1/Sprites/cookie.png using Guid(ab9647848e905b945ab5d3a097ed9f2a) Importer(815301076,1909f56bfc062723c751e8b465ee728b)  -> (artifact id: '54cfbdc934bc6716f3b25867fe978968') in 0.037889 seconds 
========================================================================
Received Import Request.
  Time since last request: 13.644441 seconds.
  path: Assets/Scenes/Common
  artifactKey: Guid(3ce9d884fe908af429eea18b1a36f586) Importer(815301076,1909f56bfc062723c751e8b465ee728b)
Start importing Assets/Scenes/Common using Guid(3ce9d884fe908af429eea18b1a36f586) Importer(815301076,1909f56bfc062723c751e8b465ee728b)  -> (artifact id: '36741f96f7c6370d6718edf5cc19ad55') in 0.015271 seconds 
========================================================================
Received Import Request.
  Time since last request: 2.802629 seconds.
  path: Assets/Scenes/Common/Scripts
  artifactKey: Guid(34dab65f8fdc21246af30687bb4dfd25) Importer(815301076,1909f56bfc062723c751e8b465ee728b)
Start importing Assets/Scenes/Common/Scripts using Guid(34dab65f8fdc21246af30687bb4dfd25) Importer(815301076,1909f56bfc062723c751e8b465ee728b)  -> (artifact id: 'ecb4b7b07c551427e3814a49456cc2d1') in 0.011921 seconds 
========================================================================
Received Import Request.
  Time since last request: 0.659300 seconds.
  path: Assets/Scenes/Common/Sprites
  artifactKey: Guid(65fad1fd6110d0b4785b6a7958af7e28) Importer(815301076,1909f56bfc062723c751e8b465ee728b)
Start importing Assets/Scenes/Common/Sprites using Guid(65fad1fd6110d0b4785b6a7958af7e28) Importer(815301076,1909f56bfc062723c751e8b465ee728b)  -> (artifact id: '4aefa096989c84f05bdf4ef7a06f325a') in 0.006144 seconds 
========================================================================
Received Import Request.
  Time since last request: 1.489508 seconds.
  path: Assets/Scenes/Common/Sprites/Main
  artifactKey: Guid(f44929a99759470498e1fd7348dfa870) Importer(815301076,1909f56bfc062723c751e8b465ee728b)
Start importing Assets/Scenes/Common/Sprites/Main using Guid(f44929a99759470498e1fd7348dfa870) Importer(815301076,1909f56bfc062723c751e8b465ee728b)  -> (artifact id: 'b5c62713ff88c458e20b11de17ac40b3') in 0.013056 seconds 
========================================================================
Received Import Request.
  Time since last request: 0.052464 seconds.
  path: Assets/Scenes/Common/Sprites/Main/Caution.png
  artifactKey: Guid(b24dab18f3afd5247987b89efee2049f) Importer(815301076,1909f56bfc062723c751e8b465ee728b)
Start importing Assets/Scenes/Common/Sprites/Main/Caution.png using Guid(b24dab18f3afd5247987b89efee2049f) Importer(815301076,1909f56bfc062723c751e8b465ee728b)  -> (artifact id: '9f73b5e721e97e45d5c129cd20f27bfe') in 0.023976 seconds 
========================================================================
Received Import Request.
  Time since last request: 0.000452 seconds.
  path: Assets/Scenes/Common/Sprites/Main/Watch.png
  artifactKey: Guid(5f93220a26747924aa06fd8cbbbab934) Importer(815301076,1909f56bfc062723c751e8b465ee728b)
Start importing Assets/Scenes/Common/Sprites/Main/Watch.png using Guid(5f93220a26747924aa06fd8cbbbab934) Importer(815301076,1909f56bfc062723c751e8b465ee728b)  -> (artifact id: '76eb3b80f7eb61eec799d12f66730705') in 0.054547 seconds 
========================================================================
Received Import Request.
  Time since last request: 0.000590 seconds.
  path: Assets/Scenes/Common/Sprites/Main/monsterSilhouette.png
  artifactKey: Guid(7378b1212bd44494297a4d568a84fa6b) Importer(815301076,1909f56bfc062723c751e8b465ee728b)
Start importing Assets/Scenes/Common/Sprites/Main/monsterSilhouette.png using Guid(7378b1212bd44494297a4d568a84fa6b) Importer(815301076,1909f56bfc062723c751e8b465ee728b)  -> (artifact id: '79764c4d7d6fe3b6601be6ff02d0245d') in 0.039411 seconds 
========================================================================
Received Prepare
Registering precompiled user dll's ...
Registered in 0.009138 seconds.
Begin MonoManager ReloadAssembly
Symbol file LoadedFromMemory doesn't match image C:\Users\Aryan Puthran\Unity Games\Current\MidnightPsychosis-main\Library\PackageCache\com.unity.visualscripting@1.6.1\Editor\VisualScripting.Core\Dependencies\YamlDotNet\Unity.VisualScripting.YamlDotNet.dll
Symbol file LoadedFromMemory doesn't match image C:\Users\Aryan Puthran\Unity Games\Current\MidnightPsychosis-main\Library\PackageCache\com.unity.visualscripting@1.6.1\Editor\VisualScripting.Core\Dependencies\DotNetZip\Unity.VisualScripting.IonicZip.dll
Native extension for WindowsStandalone target not found
Refreshing native plugins compatible for Editor in 0.82 ms, found 3 plugins.
Preloading 0 native plugins for Editor in 0.00 ms.
Mono: successfully reloaded assembly
- Completed reload, in  1.316 seconds
Domain Reload Profiling:
	ReloadAssembly (1316ms)
		BeginReloadAssembly (152ms)
			ExecutionOrderSort (0ms)
			DisableScriptedObjects (7ms)
			BackupInstance (0ms)
			ReleaseScriptingObjects (0ms)
			CreateAndSetChildDomain (48ms)
		EndReloadAssembly (1094ms)
			LoadAssemblies (102ms)
			RebuildTransferFunctionScriptingTraits (0ms)
			SetupTypeCache (407ms)
			ReleaseScriptCaches (2ms)
			RebuildScriptCaches (49ms)
			SetupLoadedEditorAssemblies (362ms)
				LogAssemblyErrors (0ms)
				InitializePlatformSupportModulesInManaged (5ms)
				SetLoadedEditorAssemblies (0ms)
				RefreshPlugins (1ms)
				BeforeProcessingInitializeOnLoad (90ms)
				ProcessInitializeOnLoadAttributes (251ms)
				ProcessInitializeOnLoadMethodAttributes (5ms)
				AfterProcessingInitializeOnLoad (9ms)
				EditorAssembliesLoaded (0ms)
			ExecutionOrderSort2 (0ms)
			AwakeInstancesAfterBackupRestoration (22ms)
Platform modules already initialized, skipping
Refreshing native plugins compatible for Editor in 1.19 ms, found 3 plugins.
Preloading 0 native plugins for Editor in 0.00 ms.
Unloading 4383 Unused Serialized files (Serialized files now loaded: 0)
System memory in use before: 182.7 MB.
System memory in use after: 182.9 MB.

Unloading 19 unused Assets to reduce memory usage. Loaded Objects now: 5127.
Total: 6.062000 ms (FindLiveObjects: 0.758200 ms CreateObjectMapping: 0.859600 ms MarkObjects: 4.364900 ms  DeleteObjects: 0.077800 ms)

AssetImportParameters requested are different than current active one (requested -> active):
  custom:framework-win-MediaFoundation: 216162199b28c13a410421893ffa2e32 -> 
  custom:video-decoder-ogg-theora: a1e56fd34408186e4bbccfd4996cb3dc -> 
  custom:container-muxer-webm: aa71ff27fc2769a1b78a27578f13a17b -> 
  custom:container-demuxer-webm: 4f35f7cbe854078d1ac9338744f61a02 -> 
  custom:container-demuxer-ogg: 62fdf1f143b41e24485cea50d1cbac27 -> 
  custom:video-encoder-webm-vp8: eb34c28f22e8b96e1ab97ce403110664 -> 
  custom:video-decoder-webm-vp8: 9c59270c3fd7afecdb556c50c9e8de78 -> 
  custom:audio-decoder-ogg-vorbis: bf7c407c2cedff20999df2af8eb42d56 -> 
  custom:audio-encoder-webm-vorbis: bf7c407c2cedff20999df2af8eb42d56 -> 
========================================================================
Received Import Request.
  Time since last request: 296.794586 seconds.
  path: Assets/Scenes/MainMenu/Sprites/BackArrow.png
  artifactKey: Guid(5da79d5d61bc3c44ca6809b69712c5fa) Importer(815301076,1909f56bfc062723c751e8b465ee728b)
Start importing Assets/Scenes/MainMenu/Sprites/BackArrow.png using Guid(5da79d5d61bc3c44ca6809b69712c5fa) Importer(815301076,1909f56bfc062723c751e8b465ee728b)  -> (artifact id: '4f90871ec606d19e69b7b754a6559bd3') in 0.098046 seconds 
========================================================================
Received Import Request.
  Time since last request: 0.000371 seconds.
  path: Assets/Scenes/MainMenu/Sprites/MainMenu.png
  artifactKey: Guid(2a0f3a48556f5d741ac766edd6676794) Importer(815301076,1909f56bfc062723c751e8b465ee728b)
Start importing Assets/Scenes/MainMenu/Sprites/MainMenu.png using Guid(2a0f3a48556f5d741ac766edd6676794) Importer(815301076,1909f56bfc062723c751e8b465ee728b)  -> (artifact id: 'b0ae09088bc84bf88d0988a1dc6a98d4') in 0.026476 seconds 
========================================================================
Received Import Request.
  Time since last request: 0.000289 seconds.
  path: Assets/Scenes/Common/Sprites/References/houseModelSketchFurniture.png
  artifactKey: Guid(0d4be6caf858b734bbe0ab0799cb12e9) Importer(815301076,1909f56bfc062723c751e8b465ee728b)
Start importing Assets/Scenes/Common/Sprites/References/houseModelSketchFurniture.png using Guid(0d4be6caf858b734bbe0ab0799cb12e9) Importer(815301076,1909f56bfc062723c751e8b465ee728b)  -> (artifact id: '696f076195b96c1b228f3631df5274f5') in 0.031611 seconds 
========================================================================
Received Import Request.
  Time since last request: 0.000382 seconds.
  path: Assets/Scenes/MainMenu/Sprites/SliderHandle.png
  artifactKey: Guid(ef4a8d855fd835e42b625eb8c707a861) Importer(815301076,1909f56bfc062723c751e8b465ee728b)
Start importing Assets/Scenes/MainMenu/Sprites/SliderHandle.png using Guid(ef4a8d855fd835e42b625eb8c707a861) Importer(815301076,1909f56bfc062723c751e8b465ee728b)  -> (artifact id: '32ba7058112489ba8d8361681cabbd16') in 0.031933 seconds 
========================================================================
Received Import Request.
  Time since last request: 0.000255 seconds.
  path: Assets/Scenes/Common/Sprites/References/houseModelSimplified.png
  artifactKey: Guid(62b9489a5fcbcc64cada3182572c850d) Importer(815301076,1909f56bfc062723c751e8b465ee728b)
Start importing Assets/Scenes/Common/Sprites/References/houseModelSimplified.png using Guid(62b9489a5fcbcc64cada3182572c850d) Importer(815301076,1909f56bfc062723c751e8b465ee728b)  -> (artifact id: '00db92c9f082d75075e30fb91cdd09e8') in 0.026022 seconds 
========================================================================
Received Import Request.
  Time since last request: 0.000620 seconds.
  path: Assets/Scenes/Materials/static.jpeg
  artifactKey: Guid(b903504cd3b712449915dbab3a900531) Importer(815301076,1909f56bfc062723c751e8b465ee728b)
Start importing Assets/Scenes/Materials/static.jpeg using Guid(b903504cd3b712449915dbab3a900531) Importer(815301076,1909f56bfc062723c751e8b465ee728b)  -> (artifact id: '376824ac6f063a1190493236a7e85898') in 0.033746 seconds 
========================================================================
Received Import Request.
  Time since last request: 0.000303 seconds.
  path: Assets/Scenes/MainMenu/Sprites/RoundedRectangle.png
  artifactKey: Guid(07d91d9460b9e0c47b239fe98e5e0395) Importer(815301076,1909f56bfc062723c751e8b465ee728b)
Start importing Assets/Scenes/MainMenu/Sprites/RoundedRectangle.png using Guid(07d91d9460b9e0c47b239fe98e5e0395) Importer(815301076,1909f56bfc062723c751e8b465ee728b)  -> (artifact id: '61daa3c5f41e3d2d36da9d5a0be8abe2') in 0.025059 seconds 
========================================================================
Received Import Request.
  Time since last request: 0.000436 seconds.
  path: Assets/Scenes/MainMenu/Sprites/BloodSplatter.png
  artifactKey: Guid(4b2f72fda44c0be4e85746a78e853657) Importer(815301076,1909f56bfc062723c751e8b465ee728b)
Start importing Assets/Scenes/MainMenu/Sprites/BloodSplatter.png using Guid(4b2f72fda44c0be4e85746a78e853657) Importer(815301076,1909f56bfc062723c751e8b465ee728b)  -> (artifact id: '309c222ea38b8c92dffa8f974203b385') in 0.027119 seconds 
========================================================================
Received Import Request.
  Time since last request: 0.000353 seconds.
  path: Assets/Scenes/Materials/Environment/Textures/Wood 1/WoodTexture.jpg
  artifactKey: Guid(2b8d0c8b3003cdb449cb645d77c2d929) Importer(815301076,1909f56bfc062723c751e8b465ee728b)
Start importing Assets/Scenes/Materials/Environment/Textures/Wood 1/WoodTexture.jpg using Guid(2b8d0c8b3003cdb449cb645d77c2d929) Importer(815301076,1909f56bfc062723c751e8b465ee728b)  -> (artifact id: '1196001573a373cafbbca3234c1f0b5a') in 0.031067 seconds 
========================================================================
Received Import Request.
  Time since last request: 113.744528 seconds.
  path: Assets/Scenes/Common/Fonts/bloodcrow/bloodcrow.ttf
  artifactKey: Guid(ddc1c31af45cd554d8ab8f6b532dc0dc) Importer(815301076,1909f56bfc062723c751e8b465ee728b)
Start importing Assets/Scenes/Common/Fonts/bloodcrow/bloodcrow.ttf using Guid(ddc1c31af45cd554d8ab8f6b532dc0dc) Importer(815301076,1909f56bfc062723c751e8b465ee728b)  -> (artifact id: '36b2d92f54e9756c18a06a5df30065fe') in 0.310096 seconds 
========================================================================
Received Import Request.
  Time since last request: 0.000363 seconds.
  path: Assets/Scenes/Common/Fonts/VCR/VCR_OSD_MONO_1.001.ttf
  artifactKey: Guid(03f45280ddbc7404d8fcf9853e989ac3) Importer(815301076,1909f56bfc062723c751e8b465ee728b)
Start importing Assets/Scenes/Common/Fonts/VCR/VCR_OSD_MONO_1.001.ttf using Guid(03f45280ddbc7404d8fcf9853e989ac3) Importer(815301076,1909f56bfc062723c751e8b465ee728b)  -> (artifact id: '8b450581ba85b17eabc7fd4d5e04443f') in 0.024263 seconds 
========================================================================
Received Import Request.
  Time since last request: 0.000307 seconds.
  path: Assets/Scenes/Common/Fonts/lunchtype/lunchtype22.regular.ttf
  artifactKey: Guid(52e24474c7d2dbe4987b436161ba326d) Importer(815301076,1909f56bfc062723c751e8b465ee728b)
Start importing Assets/Scenes/Common/Fonts/lunchtype/lunchtype22.regular.ttf using Guid(52e24474c7d2dbe4987b436161ba326d) Importer(815301076,1909f56bfc062723c751e8b465ee728b)  -> (artifact id: 'c14dd98adb0da158dce20d46ce46d5a2') in 0.033633 seconds 
========================================================================
Received Import Request.
  Time since last request: 0.000348 seconds.
  path: Assets/Scenes/Common/Fonts/bloodcrow/bloodcrow (main menu title).ttf
  artifactKey: Guid(00aa50cb0fe08354999cc80a7181af1f) Importer(815301076,1909f56bfc062723c751e8b465ee728b)
Start importing Assets/Scenes/Common/Fonts/bloodcrow/bloodcrow (main menu title).ttf using Guid(00aa50cb0fe08354999cc80a7181af1f) Importer(815301076,1909f56bfc062723c751e8b465ee728b)  -> (artifact id: 'c7aab47bf89160c7bb279c479bbb49ec') in 0.030237 seconds 
========================================================================
Received Import Request.
  Time since last request: 0.000449 seconds.
  path: Assets/Scenes/Common/Fonts/lunchtype/lunchtype22.light.ttf
  artifactKey: Guid(7d91065829ab6554d80b75370a5166d2) Importer(815301076,1909f56bfc062723c751e8b465ee728b)
Start importing Assets/Scenes/Common/Fonts/lunchtype/lunchtype22.light.ttf using Guid(7d91065829ab6554d80b75370a5166d2) Importer(815301076,1909f56bfc062723c751e8b465ee728b)  -> (artifact id: '692c54b7e3e70e1a3b4bacbc78afa063') in 0.031328 seconds 
========================================================================
Received Import Request.
  Time since last request: 0.000350 seconds.
  path: Assets/Scenes/Common/Fonts/lunchtype/lunchtype22.medium.ttf
  artifactKey: Guid(6e3c2d8ac7640ff43b64fab2a2e7b42e) Importer(815301076,1909f56bfc062723c751e8b465ee728b)
Start importing Assets/Scenes/Common/Fonts/lunchtype/lunchtype22.medium.ttf using Guid(6e3c2d8ac7640ff43b64fab2a2e7b42e) Importer(815301076,1909f56bfc062723c751e8b465ee728b)  -> (artifact id: '5edf91bc234e5434bffba1d3b982c00f') in 0.063853 seconds 
========================================================================
Received Import Request.
  Time since last request: 0.000424 seconds.
  path: Assets/TextMesh Pro/Fonts/LiberationSans.ttf
  artifactKey: Guid(1eb2cb141605f6b438838f75e7b30b71) Importer(815301076,1909f56bfc062723c751e8b465ee728b)
Start importing Assets/TextMesh Pro/Fonts/LiberationSans.ttf using Guid(1eb2cb141605f6b438838f75e7b30b71) Importer(815301076,1909f56bfc062723c751e8b465ee728b)  -> (artifact id: 'b0a927a8b9ea4c79f12cc019e7ba6202') in 0.655508 seconds 
========================================================================
Received Import Request.
  Time since last request: 426.639689 seconds.
  path: Assets/Scenes/Common/Scripts/UI
  artifactKey: Guid(783196a385ec7da418565a05c129c127) Importer(815301076,1909f56bfc062723c751e8b465ee728b)
Start importing Assets/Scenes/Common/Scripts/UI using Guid(783196a385ec7da418565a05c129c127) Importer(815301076,1909f56bfc062723c751e8b465ee728b)  -> (artifact id: '7f01d3555d6c58d30266b5cc198f70c5') in 0.012325 seconds 
========================================================================
Received Import Request.
  Time since last request: 9.297577 seconds.
  path: Assets/Scenes/Common/Scripts/UI/LoadingScreenManager.cs
  artifactKey: Guid(8da9abc3693ce4548a0721a57a3b333b) Importer(815301076,1909f56bfc062723c751e8b465ee728b)
Start importing Assets/Scenes/Common/Scripts/UI/LoadingScreenManager.cs using Guid(8da9abc3693ce4548a0721a57a3b333b) Importer(815301076,1909f56bfc062723c751e8b465ee728b)  -> (artifact id: '43ea783886ea215fde7149772bb63c33') in 0.021263 seconds 
========================================================================
Received Prepare
Registering precompiled user dll's ...
Registered in 0.007869 seconds.
Begin MonoManager ReloadAssembly
Symbol file LoadedFromMemory doesn't match image C:\Users\Aryan Puthran\Unity Games\Current\MidnightPsychosis-main\Library\PackageCache\com.unity.visualscripting@1.6.1\Editor\VisualScripting.Core\Dependencies\YamlDotNet\Unity.VisualScripting.YamlDotNet.dll
Symbol file LoadedFromMemory doesn't match image C:\Users\Aryan Puthran\Unity Games\Current\MidnightPsychosis-main\Library\PackageCache\com.unity.visualscripting@1.6.1\Editor\VisualScripting.Core\Dependencies\DotNetZip\Unity.VisualScripting.IonicZip.dll
Native extension for WindowsStandalone target not found
Refreshing native plugins compatible for Editor in 0.97 ms, found 3 plugins.
Preloading 0 native plugins for Editor in 0.00 ms.
Mono: successfully reloaded assembly
- Completed reload, in  1.359 seconds
Domain Reload Profiling:
	ReloadAssembly (1359ms)
		BeginReloadAssembly (131ms)
			ExecutionOrderSort (0ms)
			DisableScriptedObjects (8ms)
			BackupInstance (0ms)
			ReleaseScriptingObjects (0ms)
			CreateAndSetChildDomain (45ms)
		EndReloadAssembly (1151ms)
			LoadAssemblies (105ms)
			RebuildTransferFunctionScriptingTraits (0ms)
			SetupTypeCache (420ms)
			ReleaseScriptCaches (2ms)
			RebuildScriptCaches (63ms)
			SetupLoadedEditorAssemblies (367ms)
				LogAssemblyErrors (0ms)
				InitializePlatformSupportModulesInManaged (5ms)
				SetLoadedEditorAssemblies (1ms)
				RefreshPlugins (1ms)
				BeforeProcessingInitializeOnLoad (79ms)
				ProcessInitializeOnLoadAttributes (266ms)
				ProcessInitializeOnLoadMethodAttributes (5ms)
				AfterProcessingInitializeOnLoad (9ms)
				EditorAssembliesLoaded (0ms)
			ExecutionOrderSort2 (0ms)
			AwakeInstancesAfterBackupRestoration (26ms)
Platform modules already initialized, skipping
Refreshing native plugins compatible for Editor in 4.72 ms, found 3 plugins.
Preloading 0 native plugins for Editor in 0.00 ms.
Unloading 4394 Unused Serialized files (Serialized files now loaded: 0)
System memory in use before: 202.4 MB.
System memory in use after: 202.6 MB.

Unloading 19 unused Assets to reduce memory usage. Loaded Objects now: 5417.
Total: 24.506000 ms (FindLiveObjects: 2.204300 ms CreateObjectMapping: 1.757400 ms MarkObjects: 20.217400 ms  DeleteObjects: 0.318700 ms)

AssetImportParameters requested are different than current active one (requested -> active):
  custom:framework-win-MediaFoundation: 216162199b28c13a410421893ffa2e32 -> 
  custom:video-decoder-ogg-theora: a1e56fd34408186e4bbccfd4996cb3dc -> 
  custom:container-muxer-webm: aa71ff27fc2769a1b78a27578f13a17b -> 
  custom:container-demuxer-webm: 4f35f7cbe854078d1ac9338744f61a02 -> 
  custom:container-demuxer-ogg: 62fdf1f143b41e24485cea50d1cbac27 -> 
  custom:video-encoder-webm-vp8: eb34c28f22e8b96e1ab97ce403110664 -> 
  custom:video-decoder-webm-vp8: 9c59270c3fd7afecdb556c50c9e8de78 -> 
  custom:audio-decoder-ogg-vorbis: bf7c407c2cedff20999df2af8eb42d56 -> 
  custom:audio-encoder-webm-vorbis: bf7c407c2cedff20999df2af8eb42d56 -> 
========================================================================
Received Import Request.
  Time since last request: 98.755412 seconds.
  path: Assets/Scenes/Common/Scripts/UI/LoadingScreenManager.cs
  artifactKey: Guid(8da9abc3693ce4548a0721a57a3b333b) Importer(815301076,1909f56bfc062723c751e8b465ee728b)
Start importing Assets/Scenes/Common/Scripts/UI/LoadingScreenManager.cs using Guid(8da9abc3693ce4548a0721a57a3b333b) Importer(815301076,1909f56bfc062723c751e8b465ee728b)  -> (artifact id: '6c01a0133d619d906bb9b8071802df76') in 0.016481 seconds 
========================================================================
Received Prepare
Registering precompiled user dll's ...
Registered in 0.013274 seconds.
Begin MonoManager ReloadAssembly
Symbol file LoadedFromMemory doesn't match image C:\Users\Aryan Puthran\Unity Games\Current\MidnightPsychosis-main\Library\PackageCache\com.unity.visualscripting@1.6.1\Editor\VisualScripting.Core\Dependencies\YamlDotNet\Unity.VisualScripting.YamlDotNet.dll
Symbol file LoadedFromMemory doesn't match image C:\Users\Aryan Puthran\Unity Games\Current\MidnightPsychosis-main\Library\PackageCache\com.unity.visualscripting@1.6.1\Editor\VisualScripting.Core\Dependencies\DotNetZip\Unity.VisualScripting.IonicZip.dll
Native extension for WindowsStandalone target not found
Refreshing native plugins compatible for Editor in 1.94 ms, found 3 plugins.
Preloading 0 native plugins for Editor in 0.00 ms.
Mono: successfully reloaded assembly
- Completed reload, in  2.037 seconds
Domain Reload Profiling:
	ReloadAssembly (2038ms)
		BeginReloadAssembly (183ms)
			ExecutionOrderSort (0ms)
			DisableScriptedObjects (11ms)
			BackupInstance (0ms)
			ReleaseScriptingObjects (0ms)
			CreateAndSetChildDomain (65ms)
		EndReloadAssembly (1741ms)
			LoadAssemblies (155ms)
			RebuildTransferFunctionScriptingTraits (0ms)
			SetupTypeCache (611ms)
			ReleaseScriptCaches (2ms)
			RebuildScriptCaches (73ms)
			SetupLoadedEditorAssemblies (590ms)
				LogAssemblyErrors (0ms)
				InitializePlatformSupportModulesInManaged (11ms)
				SetLoadedEditorAssemblies (1ms)
				RefreshPlugins (2ms)
				BeforeProcessingInitializeOnLoad (137ms)
				ProcessInitializeOnLoadAttributes (418ms)
				ProcessInitializeOnLoadMethodAttributes (8ms)
				AfterProcessingInitializeOnLoad (12ms)
				EditorAssembliesLoaded (0ms)
			ExecutionOrderSort2 (0ms)
			AwakeInstancesAfterBackupRestoration (38ms)
Platform modules already initialized, skipping
Refreshing native plugins compatible for Editor in 1.42 ms, found 3 plugins.
Preloading 0 native plugins for Editor in 0.00 ms.
Unloading 4378 Unused Serialized files (Serialized files now loaded: 0)
System memory in use before: 201.8 MB.
System memory in use after: 202.0 MB.

Unloading 19 unused Assets to reduce memory usage. Loaded Objects now: 5419.
Total: 4.483400 ms (FindLiveObjects: 0.482100 ms CreateObjectMapping: 0.372600 ms MarkObjects: 3.543300 ms  DeleteObjects: 0.083900 ms)

AssetImportParameters requested are different than current active one (requested -> active):
  custom:framework-win-MediaFoundation: 216162199b28c13a410421893ffa2e32 -> 
  custom:video-decoder-ogg-theora: a1e56fd34408186e4bbccfd4996cb3dc -> 
  custom:container-muxer-webm: aa71ff27fc2769a1b78a27578f13a17b -> 
  custom:container-demuxer-webm: 4f35f7cbe854078d1ac9338744f61a02 -> 
  custom:container-demuxer-ogg: 62fdf1f143b41e24485cea50d1cbac27 -> 
  custom:video-encoder-webm-vp8: eb34c28f22e8b96e1ab97ce403110664 -> 
  custom:video-decoder-webm-vp8: 9c59270c3fd7afecdb556c50c9e8de78 -> 
  custom:audio-decoder-ogg-vorbis: bf7c407c2cedff20999df2af8eb42d56 -> 
  custom:audio-encoder-webm-vorbis: bf7c407c2cedff20999df2af8eb42d56 -> 
========================================================================
Received Prepare
Registering precompiled user dll's ...
Registered in 0.012509 seconds.
Begin MonoManager ReloadAssembly
Symbol file LoadedFromMemory doesn't match image C:\Users\Aryan Puthran\Unity Games\Current\MidnightPsychosis-main\Library\PackageCache\com.unity.visualscripting@1.6.1\Editor\VisualScripting.Core\Dependencies\YamlDotNet\Unity.VisualScripting.YamlDotNet.dll
Symbol file LoadedFromMemory doesn't match image C:\Users\Aryan Puthran\Unity Games\Current\MidnightPsychosis-main\Library\PackageCache\com.unity.visualscripting@1.6.1\Editor\VisualScripting.Core\Dependencies\DotNetZip\Unity.VisualScripting.IonicZip.dll
Native extension for WindowsStandalone target not found
Refreshing native plugins compatible for Editor in 0.98 ms, found 3 plugins.
Preloading 0 native plugins for Editor in 0.00 ms.
Mono: successfully reloaded assembly
- Completed reload, in  1.415 seconds
Domain Reload Profiling:
	ReloadAssembly (1415ms)
		BeginReloadAssembly (178ms)
			ExecutionOrderSort (0ms)
			DisableScriptedObjects (15ms)
			BackupInstance (0ms)
			ReleaseScriptingObjects (0ms)
			CreateAndSetChildDomain (48ms)
		EndReloadAssembly (1143ms)
			LoadAssemblies (136ms)
			RebuildTransferFunctionScriptingTraits (0ms)
			SetupTypeCache (440ms)
			ReleaseScriptCaches (2ms)
			RebuildScriptCaches (49ms)
			SetupLoadedEditorAssemblies (355ms)
				LogAssemblyErrors (0ms)
				InitializePlatformSupportModulesInManaged (5ms)
				SetLoadedEditorAssemblies (0ms)
				RefreshPlugins (1ms)
				BeforeProcessingInitializeOnLoad (94ms)
				ProcessInitializeOnLoadAttributes (241ms)
				ProcessInitializeOnLoadMethodAttributes (5ms)
				AfterProcessingInitializeOnLoad (8ms)
				EditorAssembliesLoaded (0ms)
			ExecutionOrderSort2 (0ms)
			AwakeInstancesAfterBackupRestoration (32ms)
Platform modules already initialized, skipping
Refreshing native plugins compatible for Editor in 1.07 ms, found 3 plugins.
Preloading 0 native plugins for Editor in 0.00 ms.
Unloading 4378 Unused Serialized files (Serialized files now loaded: 0)
System memory in use before: 201.8 MB.
System memory in use after: 202.0 MB.

Unloading 19 unused Assets to reduce memory usage. Loaded Objects now: 5421.
Total: 4.455700 ms (FindLiveObjects: 0.575200 ms CreateObjectMapping: 0.344800 ms MarkObjects: 3.453900 ms  DeleteObjects: 0.080500 ms)

AssetImportParameters requested are different than current active one (requested -> active):
  custom:framework-win-MediaFoundation: 216162199b28c13a410421893ffa2e32 -> 
  custom:video-decoder-ogg-theora: a1e56fd34408186e4bbccfd4996cb3dc -> 
  custom:container-muxer-webm: aa71ff27fc2769a1b78a27578f13a17b -> 
  custom:container-demuxer-webm: 4f35f7cbe854078d1ac9338744f61a02 -> 
  custom:container-demuxer-ogg: 62fdf1f143b41e24485cea50d1cbac27 -> 
  custom:video-encoder-webm-vp8: eb34c28f22e8b96e1ab97ce403110664 -> 
  custom:video-decoder-webm-vp8: 9c59270c3fd7afecdb556c50c9e8de78 -> 
  custom:audio-decoder-ogg-vorbis: bf7c407c2cedff20999df2af8eb42d56 -> 
  custom:audio-encoder-webm-vorbis: bf7c407c2cedff20999df2af8eb42d56 -> 
========================================================================
Received Prepare
Registering precompiled user dll's ...
Registered in 0.008230 seconds.
Begin MonoManager ReloadAssembly
Symbol file LoadedFromMemory doesn't match image C:\Users\Aryan Puthran\Unity Games\Current\MidnightPsychosis-main\Library\PackageCache\com.unity.visualscripting@1.6.1\Editor\VisualScripting.Core\Dependencies\YamlDotNet\Unity.VisualScripting.YamlDotNet.dll
Symbol file LoadedFromMemory doesn't match image C:\Users\Aryan Puthran\Unity Games\Current\MidnightPsychosis-main\Library\PackageCache\com.unity.visualscripting@1.6.1\Editor\VisualScripting.Core\Dependencies\DotNetZip\Unity.VisualScripting.IonicZip.dll
Native extension for WindowsStandalone target not found
Refreshing native plugins compatible for Editor in 0.92 ms, found 3 plugins.
Preloading 0 native plugins for Editor in 0.00 ms.
Mono: successfully reloaded assembly
- Completed reload, in  1.570 seconds
Domain Reload Profiling:
	ReloadAssembly (1571ms)
		BeginReloadAssembly (144ms)
			ExecutionOrderSort (0ms)
			DisableScriptedObjects (9ms)
			BackupInstance (0ms)
			ReleaseScriptingObjects (0ms)
			CreateAndSetChildDomain (44ms)
		EndReloadAssembly (1353ms)
			LoadAssemblies (114ms)
			RebuildTransferFunctionScriptingTraits (0ms)
			SetupTypeCache (437ms)
			ReleaseScriptCaches (2ms)
			RebuildScriptCaches (69ms)
			SetupLoadedEditorAssemblies (391ms)
				LogAssemblyErrors (0ms)
				InitializePlatformSupportModulesInManaged (5ms)
				SetLoadedEditorAssemblies (0ms)
				RefreshPlugins (1ms)
				BeforeProcessingInitializeOnLoad (92ms)
				ProcessInitializeOnLoadAttributes (278ms)
				ProcessInitializeOnLoadMethodAttributes (5ms)
				AfterProcessingInitializeOnLoad (9ms)
				EditorAssembliesLoaded (0ms)
			ExecutionOrderSort2 (0ms)
			AwakeInstancesAfterBackupRestoration (26ms)
Platform modules already initialized, skipping
Refreshing native plugins compatible for Editor in 0.84 ms, found 3 plugins.
Preloading 0 native plugins for Editor in 0.00 ms.
Unloading 4378 Unused Serialized files (Serialized files now loaded: 0)
System memory in use before: 201.8 MB.
System memory in use after: 202.1 MB.

Unloading 19 unused Assets to reduce memory usage. Loaded Objects now: 5423.
Total: 4.282300 ms (FindLiveObjects: 0.716500 ms CreateObjectMapping: 0.529500 ms MarkObjects: 2.984100 ms  DeleteObjects: 0.051200 ms)

AssetImportParameters requested are different than current active one (requested -> active):
  custom:framework-win-MediaFoundation: 216162199b28c13a410421893ffa2e32 -> 
  custom:video-decoder-ogg-theora: a1e56fd34408186e4bbccfd4996cb3dc -> 
  custom:container-muxer-webm: aa71ff27fc2769a1b78a27578f13a17b -> 
  custom:container-demuxer-webm: 4f35f7cbe854078d1ac9338744f61a02 -> 
  custom:container-demuxer-ogg: 62fdf1f143b41e24485cea50d1cbac27 -> 
  custom:video-encoder-webm-vp8: eb34c28f22e8b96e1ab97ce403110664 -> 
  custom:video-decoder-webm-vp8: 9c59270c3fd7afecdb556c50c9e8de78 -> 
  custom:audio-decoder-ogg-vorbis: bf7c407c2cedff20999df2af8eb42d56 -> 
  custom:audio-encoder-webm-vorbis: bf7c407c2cedff20999df2af8eb42d56 -> 
========================================================================
Received Prepare
Registering precompiled user dll's ...
Registered in 0.007687 seconds.
Begin MonoManager ReloadAssembly
Symbol file LoadedFromMemory doesn't match image C:\Users\Aryan Puthran\Unity Games\Current\MidnightPsychosis-main\Library\PackageCache\com.unity.visualscripting@1.6.1\Editor\VisualScripting.Core\Dependencies\YamlDotNet\Unity.VisualScripting.YamlDotNet.dll
Symbol file LoadedFromMemory doesn't match image C:\Users\Aryan Puthran\Unity Games\Current\MidnightPsychosis-main\Library\PackageCache\com.unity.visualscripting@1.6.1\Editor\VisualScripting.Core\Dependencies\DotNetZip\Unity.VisualScripting.IonicZip.dll
Native extension for WindowsStandalone target not found
Refreshing native plugins compatible for Editor in 0.82 ms, found 3 plugins.
Preloading 0 native plugins for Editor in 0.00 ms.
Mono: successfully reloaded assembly
- Completed reload, in  1.483 seconds
Domain Reload Profiling:
	ReloadAssembly (1484ms)
		BeginReloadAssembly (194ms)
			ExecutionOrderSort (0ms)
			DisableScriptedObjects (14ms)
			BackupInstance (0ms)
			ReleaseScriptingObjects (0ms)
			CreateAndSetChildDomain (56ms)
		EndReloadAssembly (1201ms)
			LoadAssemblies (150ms)
			RebuildTransferFunctionScriptingTraits (0ms)
			SetupTypeCache (502ms)
			ReleaseScriptCaches (1ms)
			RebuildScriptCaches (55ms)
			SetupLoadedEditorAssemblies (355ms)
				LogAssemblyErrors (0ms)
				InitializePlatformSupportModulesInManaged (5ms)
				SetLoadedEditorAssemblies (1ms)
				RefreshPlugins (1ms)
				BeforeProcessingInitializeOnLoad (80ms)
				ProcessInitializeOnLoadAttributes (254ms)
				ProcessInitializeOnLoadMethodAttributes (6ms)
				AfterProcessingInitializeOnLoad (8ms)
				EditorAssembliesLoaded (0ms)
			ExecutionOrderSort2 (0ms)
			AwakeInstancesAfterBackupRestoration (29ms)
Platform modules already initialized, skipping
Refreshing native plugins compatible for Editor in 0.88 ms, found 3 plugins.
Preloading 0 native plugins for Editor in 0.00 ms.
Unloading 4378 Unused Serialized files (Serialized files now loaded: 0)
System memory in use before: 201.9 MB.
System memory in use after: 202.1 MB.

Unloading 19 unused Assets to reduce memory usage. Loaded Objects now: 5425.
Total: 3.846500 ms (FindLiveObjects: 0.446000 ms CreateObjectMapping: 0.261200 ms MarkObjects: 3.070700 ms  DeleteObjects: 0.067200 ms)

AssetImportParameters requested are different than current active one (requested -> active):
  custom:framework-win-MediaFoundation: 216162199b28c13a410421893ffa2e32 -> 
  custom:video-decoder-ogg-theora: a1e56fd34408186e4bbccfd4996cb3dc -> 
  custom:container-muxer-webm: aa71ff27fc2769a1b78a27578f13a17b -> 
  custom:container-demuxer-webm: 4f35f7cbe854078d1ac9338744f61a02 -> 
  custom:container-demuxer-ogg: 62fdf1f143b41e24485cea50d1cbac27 -> 
  custom:video-encoder-webm-vp8: eb34c28f22e8b96e1ab97ce403110664 -> 
  custom:video-decoder-webm-vp8: 9c59270c3fd7afecdb556c50c9e8de78 -> 
  custom:audio-decoder-ogg-vorbis: bf7c407c2cedff20999df2af8eb42d56 -> 
  custom:audio-encoder-webm-vorbis: bf7c407c2cedff20999df2af8eb42d56 -> 
========================================================================
Received Prepare
Registering precompiled user dll's ...
Registered in 0.007909 seconds.
Begin MonoManager ReloadAssembly
Symbol file LoadedFromMemory doesn't match image C:\Users\Aryan Puthran\Unity Games\Current\MidnightPsychosis-main\Library\PackageCache\com.unity.visualscripting@1.6.1\Editor\VisualScripting.Core\Dependencies\YamlDotNet\Unity.VisualScripting.YamlDotNet.dll
Symbol file LoadedFromMemory doesn't match image C:\Users\Aryan Puthran\Unity Games\Current\MidnightPsychosis-main\Library\PackageCache\com.unity.visualscripting@1.6.1\Editor\VisualScripting.Core\Dependencies\DotNetZip\Unity.VisualScripting.IonicZip.dll
Native extension for WindowsStandalone target not found
Refreshing native plugins compatible for Editor in 0.83 ms, found 3 plugins.
Preloading 0 native plugins for Editor in 0.00 ms.
Mono: successfully reloaded assembly
- Completed reload, in  1.360 seconds
Domain Reload Profiling:
	ReloadAssembly (1360ms)
		BeginReloadAssembly (133ms)
			ExecutionOrderSort (0ms)
			DisableScriptedObjects (9ms)
			BackupInstance (0ms)
			ReleaseScriptingObjects (0ms)
			CreateAndSetChildDomain (40ms)
		EndReloadAssembly (1152ms)
			LoadAssemblies (113ms)
			RebuildTransferFunctionScriptingTraits (0ms)
			SetupTypeCache (427ms)
			ReleaseScriptCaches (2ms)
			RebuildScriptCaches (53ms)
			SetupLoadedEditorAssemblies (364ms)
				LogAssemblyErrors (0ms)
				InitializePlatformSupportModulesInManaged (5ms)
				SetLoadedEditorAssemblies (0ms)
				RefreshPlugins (1ms)
				BeforeProcessingInitializeOnLoad (79ms)
				ProcessInitializeOnLoadAttributes (264ms)
				ProcessInitializeOnLoadMethodAttributes (5ms)
				AfterProcessingInitializeOnLoad (9ms)
				EditorAssembliesLoaded (0ms)
			ExecutionOrderSort2 (0ms)
			AwakeInstancesAfterBackupRestoration (29ms)
Platform modules already initialized, skipping
Refreshing native plugins compatible for Editor in 1.10 ms, found 3 plugins.
Preloading 0 native plugins for Editor in 0.00 ms.
Unloading 4378 Unused Serialized files (Serialized files now loaded: 0)
System memory in use before: 201.9 MB.
System memory in use after: 202.1 MB.

Unloading 19 unused Assets to reduce memory usage. Loaded Objects now: 5427.
Total: 4.937800 ms (FindLiveObjects: 0.922600 ms CreateObjectMapping: 0.686500 ms MarkObjects: 3.261900 ms  DeleteObjects: 0.064500 ms)

AssetImportParameters requested are different than current active one (requested -> active):
  custom:framework-win-MediaFoundation: 216162199b28c13a410421893ffa2e32 -> 
  custom:video-decoder-ogg-theora: a1e56fd34408186e4bbccfd4996cb3dc -> 
  custom:container-muxer-webm: aa71ff27fc2769a1b78a27578f13a17b -> 
  custom:container-demuxer-webm: 4f35f7cbe854078d1ac9338744f61a02 -> 
  custom:container-demuxer-ogg: 62fdf1f143b41e24485cea50d1cbac27 -> 
  custom:video-encoder-webm-vp8: eb34c28f22e8b96e1ab97ce403110664 -> 
  custom:video-decoder-webm-vp8: 9c59270c3fd7afecdb556c50c9e8de78 -> 
  custom:audio-decoder-ogg-vorbis: bf7c407c2cedff20999df2af8eb42d56 -> 
  custom:audio-encoder-webm-vorbis: bf7c407c2cedff20999df2af8eb42d56 -> 
========================================================================
Received Prepare
Registering precompiled user dll's ...
Registered in 0.007743 seconds.
Begin MonoManager ReloadAssembly
Symbol file LoadedFromMemory doesn't match image C:\Users\Aryan Puthran\Unity Games\Current\MidnightPsychosis-main\Library\PackageCache\com.unity.visualscripting@1.6.1\Editor\VisualScripting.Core\Dependencies\YamlDotNet\Unity.VisualScripting.YamlDotNet.dll
Symbol file LoadedFromMemory doesn't match image C:\Users\Aryan Puthran\Unity Games\Current\MidnightPsychosis-main\Library\PackageCache\com.unity.visualscripting@1.6.1\Editor\VisualScripting.Core\Dependencies\DotNetZip\Unity.VisualScripting.IonicZip.dll
Native extension for WindowsStandalone target not found
Refreshing native plugins compatible for Editor in 1.34 ms, found 3 plugins.
Preloading 0 native plugins for Editor in 0.00 ms.
Mono: successfully reloaded assembly
- Completed reload, in  1.432 seconds
Domain Reload Profiling:
	ReloadAssembly (1432ms)
		BeginReloadAssembly (137ms)
			ExecutionOrderSort (0ms)
			DisableScriptedObjects (9ms)
			BackupInstance (0ms)
			ReleaseScriptingObjects (0ms)
			CreateAndSetChildDomain (40ms)
		EndReloadAssembly (1224ms)
			LoadAssemblies (101ms)
			RebuildTransferFunctionScriptingTraits (0ms)
			SetupTypeCache (444ms)
			ReleaseScriptCaches (2ms)
			RebuildScriptCaches (75ms)
			SetupLoadedEditorAssemblies (383ms)
				LogAssemblyErrors (0ms)
				InitializePlatformSupportModulesInManaged (8ms)
				SetLoadedEditorAssemblies (1ms)
				RefreshPlugins (1ms)
				BeforeProcessingInitializeOnLoad (97ms)
				ProcessInitializeOnLoadAttributes (263ms)
				ProcessInitializeOnLoadMethodAttributes (5ms)
				AfterProcessingInitializeOnLoad (9ms)
				EditorAssembliesLoaded (0ms)
			ExecutionOrderSort2 (0ms)
			AwakeInstancesAfterBackupRestoration (30ms)
Platform modules already initialized, skipping
Refreshing native plugins compatible for Editor in 1.39 ms, found 3 plugins.
Preloading 0 native plugins for Editor in 0.00 ms.
Unloading 4378 Unused Serialized files (Serialized files now loaded: 0)
System memory in use before: 201.9 MB.
System memory in use after: 202.1 MB.

Unloading 19 unused Assets to reduce memory usage. Loaded Objects now: 5429.
Total: 5.746200 ms (FindLiveObjects: 0.851900 ms CreateObjectMapping: 0.526400 ms MarkObjects: 4.283000 ms  DeleteObjects: 0.083400 ms)

AssetImportParameters requested are different than current active one (requested -> active):
  custom:framework-win-MediaFoundation: 216162199b28c13a410421893ffa2e32 -> 
  custom:video-decoder-ogg-theora: a1e56fd34408186e4bbccfd4996cb3dc -> 
  custom:container-muxer-webm: aa71ff27fc2769a1b78a27578f13a17b -> 
  custom:container-demuxer-webm: 4f35f7cbe854078d1ac9338744f61a02 -> 
  custom:container-demuxer-ogg: 62fdf1f143b41e24485cea50d1cbac27 -> 
  custom:video-encoder-webm-vp8: eb34c28f22e8b96e1ab97ce403110664 -> 
  custom:video-decoder-webm-vp8: 9c59270c3fd7afecdb556c50c9e8de78 -> 
  custom:audio-decoder-ogg-vorbis: bf7c407c2cedff20999df2af8eb42d56 -> 
  custom:audio-encoder-webm-vorbis: bf7c407c2cedff20999df2af8eb42d56 -> 
========================================================================
Received Prepare
Registering precompiled user dll's ...
Registered in 0.012936 seconds.
Begin MonoManager ReloadAssembly
Symbol file LoadedFromMemory doesn't match image C:\Users\Aryan Puthran\Unity Games\Current\MidnightPsychosis-main\Library\PackageCache\com.unity.visualscripting@1.6.1\Editor\VisualScripting.Core\Dependencies\YamlDotNet\Unity.VisualScripting.YamlDotNet.dll
Symbol file LoadedFromMemory doesn't match image C:\Users\Aryan Puthran\Unity Games\Current\MidnightPsychosis-main\Library\PackageCache\com.unity.visualscripting@1.6.1\Editor\VisualScripting.Core\Dependencies\DotNetZip\Unity.VisualScripting.IonicZip.dll
Native extension for WindowsStandalone target not found
Refreshing native plugins compatible for Editor in 1.92 ms, found 3 plugins.
Preloading 0 native plugins for Editor in 0.00 ms.
Mono: successfully reloaded assembly
- Completed reload, in  1.844 seconds
Domain Reload Profiling:
	ReloadAssembly (1845ms)
		BeginReloadAssembly (166ms)
			ExecutionOrderSort (0ms)
			DisableScriptedObjects (13ms)
			BackupInstance (0ms)
			ReleaseScriptingObjects (0ms)
			CreateAndSetChildDomain (51ms)
		EndReloadAssembly (1567ms)
			LoadAssemblies (140ms)
			RebuildTransferFunctionScriptingTraits (0ms)
			SetupTypeCache (553ms)
			ReleaseScriptCaches (3ms)
			RebuildScriptCaches (71ms)
			SetupLoadedEditorAssemblies (420ms)
				LogAssemblyErrors (0ms)
				InitializePlatformSupportModulesInManaged (6ms)
				SetLoadedEditorAssemblies (1ms)
				RefreshPlugins (2ms)
				BeforeProcessingInitializeOnLoad (99ms)
				ProcessInitializeOnLoadAttributes (296ms)
				ProcessInitializeOnLoadMethodAttributes (6ms)
				AfterProcessingInitializeOnLoad (10ms)
				EditorAssembliesLoaded (1ms)
			ExecutionOrderSort2 (0ms)
			AwakeInstancesAfterBackupRestoration (31ms)
Platform modules already initialized, skipping
Refreshing native plugins compatible for Editor in 0.85 ms, found 3 plugins.
Preloading 0 native plugins for Editor in 0.00 ms.
Unloading 4378 Unused Serialized files (Serialized files now loaded: 0)
System memory in use before: 201.9 MB.
System memory in use after: 202.2 MB.

Unloading 19 unused Assets to reduce memory usage. Loaded Objects now: 5431.
Total: 4.367500 ms (FindLiveObjects: 0.810700 ms CreateObjectMapping: 0.365800 ms MarkObjects: 3.124600 ms  DeleteObjects: 0.065200 ms)

AssetImportParameters requested are different than current active one (requested -> active):
  custom:framework-win-MediaFoundation: 216162199b28c13a410421893ffa2e32 -> 
  custom:video-decoder-ogg-theora: a1e56fd34408186e4bbccfd4996cb3dc -> 
  custom:container-muxer-webm: aa71ff27fc2769a1b78a27578f13a17b -> 
  custom:container-demuxer-webm: 4f35f7cbe854078d1ac9338744f61a02 -> 
  custom:container-demuxer-ogg: 62fdf1f143b41e24485cea50d1cbac27 -> 
  custom:video-encoder-webm-vp8: eb34c28f22e8b96e1ab97ce403110664 -> 
  custom:video-decoder-webm-vp8: 9c59270c3fd7afecdb556c50c9e8de78 -> 
  custom:audio-decoder-ogg-vorbis: bf7c407c2cedff20999df2af8eb42d56 -> 
  custom:audio-encoder-webm-vorbis: bf7c407c2cedff20999df2af8eb42d56 -> 
========================================================================
Received Import Request.
  Time since last request: 627.732872 seconds.
  path: Assets/Scenes/Common/Prefabs
  artifactKey: Guid(7e2ad0c0c3cc2664ea2e4e4d969e1ce4) Importer(815301076,1909f56bfc062723c751e8b465ee728b)
Start importing Assets/Scenes/Common/Prefabs using Guid(7e2ad0c0c3cc2664ea2e4e4d969e1ce4) Importer(815301076,1909f56bfc062723c751e8b465ee728b)  -> (artifact id: 'bf3a0574bc8da5a3a3cbbf993c96d23e') in 0.023517 seconds 
========================================================================
Received Import Request.
  Time since last request: 0.039789 seconds.
  path: Assets/Scenes/Common/Prefabs/PauseMenu.prefab
  artifactKey: Guid(5bdf2f92732581549ad0f0bb73782d8d) Importer(815301076,1909f56bfc062723c751e8b465ee728b)
Start importing Assets/Scenes/Common/Prefabs/PauseMenu.prefab using Guid(5bdf2f92732581549ad0f0bb73782d8d) Importer(815301076,1909f56bfc062723c751e8b465ee728b)  -> (artifact id: 'b1c0dfe531826599833bd406813aae50') in 0.065259 seconds 
========================================================================
Received Import Request.
  Time since last request: 0.000309 seconds.
  path: Assets/Scenes/Common/Prefabs/SoundTrigger.prefab
  artifactKey: Guid(3ffc34a85a40a474e82c87b66f1a9c46) Importer(815301076,1909f56bfc062723c751e8b465ee728b)
Start importing Assets/Scenes/Common/Prefabs/SoundTrigger.prefab using Guid(3ffc34a85a40a474e82c87b66f1a9c46) Importer(815301076,1909f56bfc062723c751e8b465ee728b)  -> (artifact id: 'e0b3d0c5121e9d60775d40a0821dd3e6') in 0.204481 seconds 
========================================================================
Received Import Request.
  Time since last request: 0.000299 seconds.
  path: Assets/Scenes/Common/Prefabs/Post-process Volume.prefab
  artifactKey: Guid(1546e257a63253d4fa277715c66f255a) Importer(815301076,1909f56bfc062723c751e8b465ee728b)
Start importing Assets/Scenes/Common/Prefabs/Post-process Volume.prefab using Guid(1546e257a63253d4fa277715c66f255a) Importer(815301076,1909f56bfc062723c751e8b465ee728b)  -> (artifact id: '6726e2481c5e3a0e06770bbd7a0da5f9') in 0.017003 seconds 
========================================================================
Received Import Request.
  Time since last request: 0.000494 seconds.
  path: Assets/Scenes/Common/Prefabs/SmartWatch.prefab
  artifactKey: Guid(69b37e34d345b74419819d8365e31499) Importer(815301076,1909f56bfc062723c751e8b465ee728b)
Start importing Assets/Scenes/Common/Prefabs/SmartWatch.prefab using Guid(69b37e34d345b74419819d8365e31499) Importer(815301076,1909f56bfc062723c751e8b465ee728b)  -> (artifact id: '1fc6febf3f813116a4111ec750113816') in 0.021445 seconds 
========================================================================
Received Import Request.
  Time since last request: 1.691584 seconds.
  path: Assets/Scenes/Common/Prefabs/LoadingScreen.prefab
  artifactKey: Guid(0dec8a0783eba6a488b4d07c620ec6f2) Importer(815301076,1909f56bfc062723c751e8b465ee728b)
Start importing Assets/Scenes/Common/Prefabs/LoadingScreen.prefab using Guid(0dec8a0783eba6a488b4d07c620ec6f2) Importer(815301076,1909f56bfc062723c751e8b465ee728b)  -> (artifact id: '6f492273f3c4f312fab1ab0bc28ea9b3') in 0.015849 seconds 
========================================================================
Received Import Request.
  Time since last request: 21.706048 seconds.
  path: Assets/Scenes/Levels/Day 1/Hour1.unity
  artifactKey: Guid(d1c3109bdb54ad54c8a2b2838528e640) Importer(815301076,1909f56bfc062723c751e8b465ee728b)
Start importing Assets/Scenes/Levels/Day 1/Hour1.unity using Guid(d1c3109bdb54ad54c8a2b2838528e640) Importer(815301076,1909f56bfc062723c751e8b465ee728b)  -> (artifact id: '0ffdc6ed29c7ce1c0fef8f0c474aaeca') in 0.032102 seconds 
========================================================================
Received Prepare
Registering precompiled user dll's ...
Registered in 0.008050 seconds.
Begin MonoManager ReloadAssembly
Symbol file LoadedFromMemory doesn't match image C:\Users\Aryan Puthran\Unity Games\Current\MidnightPsychosis-main\Library\PackageCache\com.unity.visualscripting@1.6.1\Editor\VisualScripting.Core\Dependencies\YamlDotNet\Unity.VisualScripting.YamlDotNet.dll
Symbol file LoadedFromMemory doesn't match image C:\Users\Aryan Puthran\Unity Games\Current\MidnightPsychosis-main\Library\PackageCache\com.unity.visualscripting@1.6.1\Editor\VisualScripting.Core\Dependencies\DotNetZip\Unity.VisualScripting.IonicZip.dll
Native extension for WindowsStandalone target not found
Refreshing native plugins compatible for Editor in 0.83 ms, found 3 plugins.
Preloading 0 native plugins for Editor in 0.00 ms.
Mono: successfully reloaded assembly
- Completed reload, in  1.356 seconds
Domain Reload Profiling:
	ReloadAssembly (1356ms)
		BeginReloadAssembly (148ms)
			ExecutionOrderSort (0ms)
			DisableScriptedObjects (10ms)
			BackupInstance (0ms)
			ReleaseScriptingObjects (0ms)
			CreateAndSetChildDomain (51ms)
		EndReloadAssembly (1134ms)
			LoadAssemblies (105ms)
			RebuildTransferFunctionScriptingTraits (0ms)
			SetupTypeCache (428ms)
			ReleaseScriptCaches (2ms)
			RebuildScriptCaches (59ms)
			SetupLoadedEditorAssemblies (361ms)
				LogAssemblyErrors (0ms)
				InitializePlatformSupportModulesInManaged (5ms)
				SetLoadedEditorAssemblies (0ms)
				RefreshPlugins (1ms)
				BeforeProcessingInitializeOnLoad (84ms)
				ProcessInitializeOnLoadAttributes (256ms)
				ProcessInitializeOnLoadMethodAttributes (6ms)
				AfterProcessingInitializeOnLoad (8ms)
				EditorAssembliesLoaded (0ms)
			ExecutionOrderSort2 (0ms)
			AwakeInstancesAfterBackupRestoration (24ms)
Platform modules already initialized, skipping
Refreshing native plugins compatible for Editor in 0.81 ms, found 3 plugins.
Preloading 0 native plugins for Editor in 0.00 ms.
Unloading 4378 Unused Serialized files (Serialized files now loaded: 0)
System memory in use before: 202.3 MB.
System memory in use after: 202.5 MB.

Unloading 21 unused Assets to reduce memory usage. Loaded Objects now: 5470.
Total: 3.240700 ms (FindLiveObjects: 0.384400 ms CreateObjectMapping: 0.245500 ms MarkObjects: 2.494800 ms  DeleteObjects: 0.115000 ms)

AssetImportParameters requested are different than current active one (requested -> active):
  custom:framework-win-MediaFoundation: 216162199b28c13a410421893ffa2e32 -> 
  custom:video-decoder-ogg-theora: a1e56fd34408186e4bbccfd4996cb3dc -> 
  custom:container-muxer-webm: aa71ff27fc2769a1b78a27578f13a17b -> 
  custom:container-demuxer-webm: 4f35f7cbe854078d1ac9338744f61a02 -> 
  custom:container-demuxer-ogg: 62fdf1f143b41e24485cea50d1cbac27 -> 
  custom:video-encoder-webm-vp8: eb34c28f22e8b96e1ab97ce403110664 -> 
  custom:video-decoder-webm-vp8: 9c59270c3fd7afecdb556c50c9e8de78 -> 
  custom:audio-decoder-ogg-vorbis: bf7c407c2cedff20999df2af8eb42d56 -> 
  custom:audio-encoder-webm-vorbis: bf7c407c2cedff20999df2af8eb42d56 -> 
========================================================================
Received Import Request.
  Time since last request: 147.342687 seconds.
  path: Assets/Scenes/Levels/Day 1/Hour1.unity
  artifactKey: Guid(d1c3109bdb54ad54c8a2b2838528e640) Importer(815301076,1909f56bfc062723c751e8b465ee728b)
Start importing Assets/Scenes/Levels/Day 1/Hour1.unity using Guid(d1c3109bdb54ad54c8a2b2838528e640) Importer(815301076,1909f56bfc062723c751e8b465ee728b)  -> (artifact id: '99ce6a57a80730dbd91ffca8b4aded3f') in 0.024108 seconds 
========================================================================
Received Import Request.
  Time since last request: 20.320498 seconds.
  path: Assets/Scenes/Materials/SpookyBackground.mat
  artifactKey: Guid(e0093b09072d0464e96d1184c99ebc5a) Importer(815301076,1909f56bfc062723c751e8b465ee728b)
Start importing Assets/Scenes/Materials/SpookyBackground.mat using Guid(e0093b09072d0464e96d1184c99ebc5a) Importer(815301076,1909f56bfc062723c751e8b465ee728b)  -> (artifact id: '5fd668ee532f99f403f834a3e0943eb1') in 0.787864 seconds 
========================================================================
Received Import Request.
  Time since last request: 0.000488 seconds.
  path: Assets/Scenes/Materials/Static.mat
  artifactKey: Guid(98c5d42fb3622ed4a90e6d1b8a6c0901) Importer(815301076,1909f56bfc062723c751e8b465ee728b)
Start importing Assets/Scenes/Materials/Static.mat using Guid(98c5d42fb3622ed4a90e6d1b8a6c0901) Importer(815301076,1909f56bfc062723c751e8b465ee728b)  -> (artifact id: 'f7a072216df0d9b108b708d50222d298') in 0.341585 seconds 
========================================================================
Received Import Request.
  Time since last request: 0.000320 seconds.
  path: Assets/Scenes/Materials/Vent Cover.mat
  artifactKey: Guid(991930b4732b1b1478562800d37e3a8b) Importer(815301076,1909f56bfc062723c751e8b465ee728b)
Start importing Assets/Scenes/Materials/Vent Cover.mat using Guid(991930b4732b1b1478562800d37e3a8b) Importer(815301076,1909f56bfc062723c751e8b465ee728b)  -> (artifact id: '210f6b9a3a88e1f9d9398cad3dc82248') in 0.034118 seconds 
========================================================================
Received Import Request.
  Time since last request: 0.000462 seconds.
  path: Assets/Scenes/Materials/Vent Cover.jpg
  artifactKey: Guid(1ac32a54c63d66d44a1f25af26ca2901) Importer(815301076,1909f56bfc062723c751e8b465ee728b)
Start importing Assets/Scenes/Materials/Vent Cover.jpg using Guid(1ac32a54c63d66d44a1f25af26ca2901) Importer(815301076,1909f56bfc062723c751e8b465ee728b)  -> (artifact id: '394f798bb02dc886f3e3bb0959c29b03') in 0.032915 seconds 
========================================================================
Received Import Request.
  Time since last request: 0.495591 seconds.
  path: Assets/Scenes/MainMenu/MainMenu.unity
  artifactKey: Guid(1dfa6b012194a79429e9abd08ac49d2a) Importer(815301076,1909f56bfc062723c751e8b465ee728b)
Start importing Assets/Scenes/MainMenu/MainMenu.unity using Guid(1dfa6b012194a79429e9abd08ac49d2a) Importer(815301076,1909f56bfc062723c751e8b465ee728b)  -> (artifact id: 'eff569cae0557a876c2c92f1f8748a42') in 0.004724 seconds 
========================================================================
Received Import Request.
  Time since last request: 71.907587 seconds.
  path: Assets/Scenes/Levels/Day 1/Hour2.unity
  artifactKey: Guid(b19dfa12e79351e438116ab7449eb6e0) Importer(815301076,1909f56bfc062723c751e8b465ee728b)
Start importing Assets/Scenes/Levels/Day 1/Hour2.unity using Guid(b19dfa12e79351e438116ab7449eb6e0) Importer(815301076,1909f56bfc062723c751e8b465ee728b)  -> (artifact id: 'ba12c23c2cf8dd1a10026b511239851f') in 0.012106 seconds 
========================================================================
Received Import Request.
  Time since last request: 27.627475 seconds.
  path: Assets/Scenes/Levels/Day 1/Hour1.unity
  artifactKey: Guid(d1c3109bdb54ad54c8a2b2838528e640) Importer(815301076,1909f56bfc062723c751e8b465ee728b)
Start importing Assets/Scenes/Levels/Day 1/Hour1.unity using Guid(d1c3109bdb54ad54c8a2b2838528e640) Importer(815301076,1909f56bfc062723c751e8b465ee728b)  -> (artifact id: '0c46401405420a3cf7150e7b9677f475') in 0.005033 seconds 
========================================================================
Received Import Request.
  Time since last request: 6.980093 seconds.
  path: Assets/Scenes/Levels/Day 1/Hour3.unity
  artifactKey: Guid(25999665e052bfc4685e0fa0c10f31bd) Importer(815301076,1909f56bfc062723c751e8b465ee728b)
Start importing Assets/Scenes/Levels/Day 1/Hour3.unity using Guid(25999665e052bfc4685e0fa0c10f31bd) Importer(815301076,1909f56bfc062723c751e8b465ee728b)  -> (artifact id: '4b10df539715c3f6b285e8842b5e2214') in 0.011627 seconds 
========================================================================
Received Import Request.
  Time since last request: 37.994372 seconds.
  path: Assets/Scenes/Common/Prefabs/LoadingScreen.prefab
  artifactKey: Guid(0dec8a0783eba6a488b4d07c620ec6f2) Importer(815301076,1909f56bfc062723c751e8b465ee728b)
Start importing Assets/Scenes/Common/Prefabs/LoadingScreen.prefab using Guid(0dec8a0783eba6a488b4d07c620ec6f2) Importer(815301076,1909f56bfc062723c751e8b465ee728b)  -> (artifact id: '96bb4ff9bfda574b89748c4bad58b6ff') in 0.026190 seconds 
AssetImportWorkerClient::OnTransportError - code=2 error=End of file
