Using pre-set license
Built from '2021.1/staging' branch; Version is '2021.1.15f1 (e767a7370072) revision 15165351'; Using compiler version '192528614'; Build Type 'Release'
OS: 'Windows 10 Home; OS build 19044.1706; Version 2009; 64bit' Language: 'en' Physical Memory: 8079 MB
BatchMode: 1, IsHumanControllingUs: 0, StartBugReporterOnCrash: 0, Is64bit: 1, IsPro: 0

 COMMAND LINE ARGUMENTS:
C:\Program Files\Unity 2021.1.15f1\Editor\Unity.exe
-adb2
-batchMode
-noUpm
-name
AssetImportWorker1
-projectPath
C:/Users/Aryan Puthran/Unity Games/Current/MidnightPsychosis-main
-logFile
Logs/AssetImportWorker1.log
-srvPort
62864
Successfully changed project path to: C:/Users/Aryan Puthran/Unity Games/Current/MidnightPsychosis-main
C:/Users/Aryan Puthran/Unity Games/Current/MidnightPsychosis-main
Using Asset Import Pipeline V2.
Refreshing native plugins compatible for Editor in 111.37 ms, found 3 plugins.
Preloading 0 native plugins for Editor in 0.00 ms.
Initialize engine version: 2021.1.15f1 (e767a7370072)
[Subsystems] Discovering subsystems at path C:/Program Files/Unity 2021.1.15f1/Editor/Data/Resources/UnitySubsystems
[Subsystems] Discovering subsystems at path C:/Users/Aryan Puthran/Unity Games/Current/MidnightPsychosis-main/Assets
GfxDevice: creating device client; threaded=0; jobified=0
Direct3D:
    Version:  Direct3D 11.0 [level 11.1]
    Renderer: Intel(R) UHD Graphics 620 (ID=0x3ea0)
    Vendor:   Intel
    VRAM:     4039 MB
    Driver:   26.20.100.7926
Initialize mono
Mono path[0] = 'C:/Program Files/Unity 2021.1.15f1/Editor/Data/Managed'
Mono path[1] = 'C:/Program Files/Unity 2021.1.15f1/Editor/Data/MonoBleedingEdge/lib/mono/unityjit'
Mono config path = 'C:/Program Files/Unity 2021.1.15f1/Editor/Data/MonoBleedingEdge/etc'
Using monoOptions --debugger-agent=transport=dt_socket,embedding=1,server=y,suspend=n,address=127.0.0.1:56212
Begin MonoManager ReloadAssembly
Registering precompiled unity dll's ...
Register platform support module: C:/Program Files/Unity 2021.1.15f1/Editor/Data/PlaybackEngines/WindowsStandaloneSupport/UnityEditor.WindowsStandalone.Extensions.dll
Registered in 0.002422 seconds.
Native extension for WindowsStandalone target not found
Refreshing native plugins compatible for Editor in 110.83 ms, found 3 plugins.
Preloading 0 native plugins for Editor in 0.00 ms.
Mono: successfully reloaded assembly
- Completed reload, in  1.358 seconds
Domain Reload Profiling:
	ReloadAssembly (1358ms)
		BeginReloadAssembly (57ms)
			ExecutionOrderSort (0ms)
			DisableScriptedObjects (0ms)
			BackupInstance (0ms)
			ReleaseScriptingObjects (0ms)
			CreateAndSetChildDomain (1ms)
		EndReloadAssembly (532ms)
			LoadAssemblies (55ms)
			RebuildTransferFunctionScriptingTraits (0ms)
			SetupTypeCache (182ms)
			ReleaseScriptCaches (0ms)
			RebuildScriptCaches (35ms)
			SetupLoadedEditorAssemblies (263ms)
				LogAssemblyErrors (0ms)
				InitializePlatformSupportModulesInManaged (7ms)
				SetLoadedEditorAssemblies (0ms)
				RefreshPlugins (111ms)
				BeforeProcessingInitializeOnLoad (1ms)
				ProcessInitializeOnLoadAttributes (111ms)
				ProcessInitializeOnLoadMethodAttributes (32ms)
				AfterProcessingInitializeOnLoad (0ms)
				EditorAssembliesLoaded (0ms)
			ExecutionOrderSort2 (0ms)
			AwakeInstancesAfterBackupRestoration (0ms)
Platform modules already initialized, skipping
Registering precompiled user dll's ...
Registered in 0.008352 seconds.
Begin MonoManager ReloadAssembly
Symbol file LoadedFromMemory doesn't match image C:\Users\Aryan Puthran\Unity Games\Current\MidnightPsychosis-main\Library\PackageCache\com.unity.visualscripting@1.6.1\Editor\VisualScripting.Core\Dependencies\YamlDotNet\Unity.VisualScripting.YamlDotNet.dll
Symbol file LoadedFromMemory doesn't match image C:\Users\Aryan Puthran\Unity Games\Current\MidnightPsychosis-main\Library\PackageCache\com.unity.visualscripting@1.6.1\Editor\VisualScripting.Core\Dependencies\DotNetZip\Unity.VisualScripting.IonicZip.dll
Native extension for WindowsStandalone target not found
Refreshing native plugins compatible for Editor in 114.59 ms, found 3 plugins.
Preloading 0 native plugins for Editor in 0.00 ms.
Mono: successfully reloaded assembly
- Completed reload, in  3.961 seconds
Domain Reload Profiling:
	ReloadAssembly (3962ms)
		BeginReloadAssembly (161ms)
			ExecutionOrderSort (0ms)
			DisableScriptedObjects (5ms)
			BackupInstance (0ms)
			ReleaseScriptingObjects (0ms)
			CreateAndSetChildDomain (22ms)
		EndReloadAssembly (3730ms)
			LoadAssemblies (1705ms)
			RebuildTransferFunctionScriptingTraits (0ms)
			SetupTypeCache (1154ms)
			ReleaseScriptCaches (1ms)
			RebuildScriptCaches (64ms)
			SetupLoadedEditorAssemblies (692ms)
				LogAssemblyErrors (0ms)
				InitializePlatformSupportModulesInManaged (4ms)
				SetLoadedEditorAssemblies (0ms)
				RefreshPlugins (115ms)
				BeforeProcessingInitializeOnLoad (101ms)
				ProcessInitializeOnLoadAttributes (459ms)
				ProcessInitializeOnLoadMethodAttributes (5ms)
				AfterProcessingInitializeOnLoad (8ms)
				EditorAssembliesLoaded (0ms)
			ExecutionOrderSort2 (0ms)
			AwakeInstancesAfterBackupRestoration (7ms)
Platform modules already initialized, skipping
========================================================================
Worker process is ready to serve import requests
Launched and connected shader compiler UnityShaderCompiler.exe after 3.80 seconds
Refreshing native plugins compatible for Editor in 0.85 ms, found 3 plugins.
Preloading 0 native plugins for Editor in 0.00 ms.
Unloading 4498 Unused Serialized files (Serialized files now loaded: 0)
System memory in use before: 174.9 MB.
System memory in use after: 172.3 MB.

Unloading 64 unused Assets to reduce memory usage. Loaded Objects now: 4900.
Total: 3.986100 ms (FindLiveObjects: 0.474800 ms CreateObjectMapping: 0.222800 ms MarkObjects: 2.217000 ms  DeleteObjects: 1.070800 ms)

AssetImportParameters requested are different than current active one (requested -> active):
  custom:framework-win-MediaFoundation: 216162199b28c13a410421893ffa2e32 -> 
  custom:video-decoder-ogg-theora: a1e56fd34408186e4bbccfd4996cb3dc -> 
  custom:container-muxer-webm: aa71ff27fc2769a1b78a27578f13a17b -> 
  custom:container-demuxer-webm: 4f35f7cbe854078d1ac9338744f61a02 -> 
  custom:container-demuxer-ogg: 62fdf1f143b41e24485cea50d1cbac27 -> 
  custom:video-encoder-webm-vp8: eb34c28f22e8b96e1ab97ce403110664 -> 
  custom:video-decoder-webm-vp8: 9c59270c3fd7afecdb556c50c9e8de78 -> 
  custom:audio-decoder-ogg-vorbis: bf7c407c2cedff20999df2af8eb42d56 -> 
  custom:audio-encoder-webm-vorbis: bf7c407c2cedff20999df2af8eb42d56 -> 
========================================================================
Received Import Request.
  path: Assets/Scenes/Levels/Hour1.unity
  artifactKey: Guid(d1c3109bdb54ad54c8a2b2838528e640) Importer(815301076,1909f56bfc062723c751e8b465ee728b)
Start importing Assets/Scenes/Levels/Hour1.unity using Guid(d1c3109bdb54ad54c8a2b2838528e640) Importer(815301076,1909f56bfc062723c751e8b465ee728b)  -> (artifact id: 'eeb4b67f81d569b31fed8cdc357e7e92') in 0.021326 seconds 
========================================================================
Received Import Request.
  Time since last request: 171.036666 seconds.
  path: Assets/Scenes/Levels/Hour2.unity
  artifactKey: Guid(b19dfa12e79351e438116ab7449eb6e0) Importer(815301076,1909f56bfc062723c751e8b465ee728b)
Start importing Assets/Scenes/Levels/Hour2.unity using Guid(b19dfa12e79351e438116ab7449eb6e0) Importer(815301076,1909f56bfc062723c751e8b465ee728b)  -> (artifact id: '404a87660afe50820f601e15e784efbb') in 1.882140 seconds 
========================================================================
Received Import Request.
  Time since last request: 24.220364 seconds.
  path: Assets/Scenes/Levels/ThanksForPlaying.unity
  artifactKey: Guid(936765efb33843e42bb5422eb5b4718f) Importer(815301076,1909f56bfc062723c751e8b465ee728b)
Start importing Assets/Scenes/Levels/ThanksForPlaying.unity using Guid(936765efb33843e42bb5422eb5b4718f) Importer(815301076,1909f56bfc062723c751e8b465ee728b)  -> (artifact id: '7cc883cef9c11ea1b1cb633a8a729d8a') in 1.729504 seconds 
========================================================================
Received Import Request.
  Time since last request: 9.609185 seconds.
  path: Assets/Scenes/Levels/Hour1.unity
  artifactKey: Guid(d1c3109bdb54ad54c8a2b2838528e640) Importer(815301076,1909f56bfc062723c751e8b465ee728b)
Start importing Assets/Scenes/Levels/Hour1.unity using Guid(d1c3109bdb54ad54c8a2b2838528e640) Importer(815301076,1909f56bfc062723c751e8b465ee728b)  -> (artifact id: '69087100419b2f337cc3da4623d30293') in 0.004791 seconds 
========================================================================
Received Import Request.
  Time since last request: 39.432858 seconds.
  path: Assets/Scripts/House
  artifactKey: Guid(ad5467da842894443969fbd21f27b52c) Importer(815301076,1909f56bfc062723c751e8b465ee728b)
Start importing Assets/Scripts/House using Guid(ad5467da842894443969fbd21f27b52c) Importer(815301076,1909f56bfc062723c751e8b465ee728b)  -> (artifact id: '50b58e522429175db70c33f1adcf82c0') in 0.008704 seconds 
========================================================================
Received Import Request.
  Time since last request: 13.758532 seconds.
  path: Assets/Scripts/House/InteractablesClass.cs
  artifactKey: Guid(37e8854fedfac3b429c2ffcec5326641) Importer(815301076,1909f56bfc062723c751e8b465ee728b)
Start importing Assets/Scripts/House/InteractablesClass.cs using Guid(37e8854fedfac3b429c2ffcec5326641) Importer(815301076,1909f56bfc062723c751e8b465ee728b)  -> (artifact id: '192506c2f053e51a04e726a75cb95d41') in 1.097052 seconds 
========================================================================
Received Import Request.
  Time since last request: 8.326289 seconds.
  path: Assets/Scripts/Player/cameraWobble.cs
  artifactKey: Guid(d11f548815aaea3478efd8952534c71e) Importer(815301076,1909f56bfc062723c751e8b465ee728b)
Start importing Assets/Scripts/Player/cameraWobble.cs using Guid(d11f548815aaea3478efd8952534c71e) Importer(815301076,1909f56bfc062723c751e8b465ee728b)  -> (artifact id: 'd1e52c906ade32c1278908de9decf348') in 0.008669 seconds 
========================================================================
Received Import Request.
  Time since last request: 25.391686 seconds.
  path: Assets/Materials/Colors/Pink.mat
  artifactKey: Guid(3d189e536ee65b54f942ea56052040b2) Importer(815301076,1909f56bfc062723c751e8b465ee728b)
Start importing Assets/Materials/Colors/Pink.mat using Guid(3d189e536ee65b54f942ea56052040b2) Importer(815301076,1909f56bfc062723c751e8b465ee728b)  -> (artifact id: '0efdb6c7070e196e2f724938eba826e3') in 2.849906 seconds 
========================================================================
Received Import Request.
  Time since last request: 0.000285 seconds.
  path: Assets/Materials/Environment/Textures/Environment Tiles/Dirt 1/Dirt 1-displacement.tif
  artifactKey: Guid(8a9fa17708db93b42909ae69b2c6c6f2) Importer(815301076,1909f56bfc062723c751e8b465ee728b)
Start importing Assets/Materials/Environment/Textures/Environment Tiles/Dirt 1/Dirt 1-displacement.tif using Guid(8a9fa17708db93b42909ae69b2c6c6f2) Importer(815301076,1909f56bfc062723c751e8b465ee728b)  -> (artifact id: '297854755e612cc8a5f627810e3acb16') in 0.050190 seconds 
========================================================================
Received Import Request.
  Time since last request: 0.000280 seconds.
  path: Assets/Materials/Environment/Textures/Environment Tiles/Dirt 1/Dirt 1-normal.png
  artifactKey: Guid(7d3e6392d196a7a49aa5a960067151b5) Importer(815301076,1909f56bfc062723c751e8b465ee728b)
Start importing Assets/Materials/Environment/Textures/Environment Tiles/Dirt 1/Dirt 1-normal.png using Guid(7d3e6392d196a7a49aa5a960067151b5) Importer(815301076,1909f56bfc062723c751e8b465ee728b)  -> (artifact id: '8b95b5f96422bbb68bbf5e7c9a7b916a') in 0.023904 seconds 
========================================================================
Received Import Request.
  Time since last request: 0.000297 seconds.
  path: Packages/com.unity.shadergraph/Editor/Resources/StickyNote.uss
  artifactKey: Guid(49f440ce949d5b944bccdfef70f2aca7) Importer(815301076,1909f56bfc062723c751e8b465ee728b)
Start importing Packages/com.unity.shadergraph/Editor/Resources/StickyNote.uss using Guid(49f440ce949d5b944bccdfef70f2aca7) Importer(815301076,1909f56bfc062723c751e8b465ee728b)  -> (artifact id: '49ba2fba7feaa882b967f9d63f1efa64') in 0.015536 seconds 
========================================================================
Received Import Request.
  Time since last request: 0.008852 seconds.
  path: Assets/Music/SFX/Watch/New notification.wav
  artifactKey: Guid(51095790c9561a74bb6a9229c76d35d6) Importer(815301076,1909f56bfc062723c751e8b465ee728b)
Start importing Assets/Music/SFX/Watch/New notification.wav using Guid(51095790c9561a74bb6a9229c76d35d6) Importer(815301076,1909f56bfc062723c751e8b465ee728b)  -> (artifact id: 'b02ddc5862d74e875d7477de4fe56615') in 0.161491 seconds 
========================================================================
Received Import Request.
  Time since last request: 0.000443 seconds.
  path: Assets/Music/SFX/Watch/watch hourly notification.wav
  artifactKey: Guid(5b59306cba0fda740b692780eafe4e4c) Importer(815301076,1909f56bfc062723c751e8b465ee728b)
Start importing Assets/Music/SFX/Watch/watch hourly notification.wav using Guid(5b59306cba0fda740b692780eafe4e4c) Importer(815301076,1909f56bfc062723c751e8b465ee728b)  -> (artifact id: 'c415c322c9e8600f0299776961675599') in 0.015088 seconds 
========================================================================
Received Import Request.
  Time since last request: 0.000276 seconds.
  path: Packages/com.unity.shadergraph/Editor/Resources/UXML/StickyNote.uxml
  artifactKey: Guid(d4cc9867eee425f4dac7d5bb91f07845) Importer(815301076,1909f56bfc062723c751e8b465ee728b)
Start importing Packages/com.unity.shadergraph/Editor/Resources/UXML/StickyNote.uxml using Guid(d4cc9867eee425f4dac7d5bb91f07845) Importer(815301076,1909f56bfc062723c751e8b465ee728b)  -> (artifact id: '7d5b6b07cc232d82b974a27ec934b0fa') in 0.013336 seconds 
========================================================================
Received Import Request.
  Time since last request: 0.000532 seconds.
  path: Packages/com.unity.collab-proxy/Editor/Collaborate/Assets/Styles/ListNotice.uss
  artifactKey: Guid(82f99126211a3fe44a96c111768733a3) Importer(815301076,1909f56bfc062723c751e8b465ee728b)
Start importing Packages/com.unity.collab-proxy/Editor/Collaborate/Assets/Styles/ListNotice.uss using Guid(82f99126211a3fe44a96c111768733a3) Importer(815301076,1909f56bfc062723c751e8b465ee728b)  -> (artifact id: '661d4ea5fb476498b8c5e68a58b24b97') in 0.008244 seconds 
========================================================================
Received Import Request.
  Time since last request: 0.000318 seconds.
  path: Packages/com.unity.collab-proxy/Editor/PlasticSCM/Assets/Images/notondisk.png
  artifactKey: Guid(b205f4b28f59dda49af458b35d8a3ff3) Importer(815301076,1909f56bfc062723c751e8b465ee728b)
Start importing Packages/com.unity.collab-proxy/Editor/PlasticSCM/Assets/Images/notondisk.png using Guid(b205f4b28f59dda49af458b35d8a3ff3) Importer(815301076,1909f56bfc062723c751e8b465ee728b)  -> (artifact id: 'fe2d3965a86b3a37e3d7932f5c51a9ce') in 0.062460 seconds 
========================================================================
Received Import Request.
  Time since last request: 0.000311 seconds.
  path: Packages/com.unity.visualscripting/Editor/VisualScripting.Flow/EditorAssetResources/Icons/Types/Unity.VisualScripting.NotApproximatelyEqual@16x.png
  artifactKey: Guid(cda6a3d251e1b4fc19dc2a3c0b712479) Importer(815301076,1909f56bfc062723c751e8b465ee728b)
Start importing Packages/com.unity.visualscripting/Editor/VisualScripting.Flow/EditorAssetResources/Icons/Types/Unity.VisualScripting.NotApproximatelyEqual@16x.png using Guid(cda6a3d251e1b4fc19dc2a3c0b712479) Importer(815301076,1909f56bfc062723c751e8b465ee728b)  -> (artifact id: '4f9f2620fc2b44f324c20e33a5e24952') in 0.022609 seconds 
========================================================================
Received Import Request.
  Time since last request: 0.000379 seconds.
  path: Assets/Music/SFX/Watch/Notification complete.mp3
  artifactKey: Guid(85719d9466ae6154699c24b8020c4490) Importer(815301076,1909f56bfc062723c751e8b465ee728b)
Start importing Assets/Music/SFX/Watch/Notification complete.mp3 using Guid(85719d9466ae6154699c24b8020c4490) Importer(815301076,1909f56bfc062723c751e8b465ee728b)  -> (artifact id: '346629a12584a1a10cbf37aafdddbe58') in 0.018740 seconds 
========================================================================
Received Import Request.
  Time since last request: 0.000255 seconds.
  path: Packages/com.unity.visualscripting/Editor/VisualScripting.Flow/EditorAssetResources/Icons/Types/Unity.VisualScripting.NotEqual@16x.png
  artifactKey: Guid(554419bf36e8f4406b9a8893545957a5) Importer(815301076,1909f56bfc062723c751e8b465ee728b)
Start importing Packages/com.unity.visualscripting/Editor/VisualScripting.Flow/EditorAssetResources/Icons/Types/Unity.VisualScripting.NotEqual@16x.png using Guid(554419bf36e8f4406b9a8893545957a5) Importer(815301076,1909f56bfc062723c751e8b465ee728b)  -> (artifact id: 'ba914d519952a3e5527d7dcac3af6227') in 0.012763 seconds 
========================================================================
Received Import Request.
  Time since last request: 0.000225 seconds.
  path: Packages/com.unity.visualscripting/Editor/VisualScripting.Flow/EditorAssetResources/Icons/Types/Unity.VisualScripting.Not@32x.png
  artifactKey: Guid(abc28ee3838e1f740bab1022dc0c0639) Importer(815301076,1909f56bfc062723c751e8b465ee728b)
Start importing Packages/com.unity.visualscripting/Editor/VisualScripting.Flow/EditorAssetResources/Icons/Types/Unity.VisualScripting.Not@32x.png using Guid(abc28ee3838e1f740bab1022dc0c0639) Importer(815301076,1909f56bfc062723c751e8b465ee728b)  -> (artifact id: 'fb0d3a6bcce600be1b939ede11dc03fb') in 0.010952 seconds 
========================================================================
Received Import Request.
  Time since last request: 0.000208 seconds.
  path: Packages/com.unity.visualscripting/Editor/VisualScripting.Flow/EditorAssetResources/Icons/Types/Unity.VisualScripting.Not@16x.png
  artifactKey: Guid(bdfb0c1ec106f1443840d266c4e1fcb0) Importer(815301076,1909f56bfc062723c751e8b465ee728b)
Start importing Packages/com.unity.visualscripting/Editor/VisualScripting.Flow/EditorAssetResources/Icons/Types/Unity.VisualScripting.Not@16x.png using Guid(bdfb0c1ec106f1443840d266c4e1fcb0) Importer(815301076,1909f56bfc062723c751e8b465ee728b)  -> (artifact id: 'bf78c47eaa79e01769040b155fab4b0e') in 0.010899 seconds 
========================================================================
Received Import Request.
  Time since last request: 0.000250 seconds.
  path: Packages/com.unity.collab-proxy/Editor/Collaborate/Assets/Layouts/ListNotice.uxml
  artifactKey: Guid(ce3b1c47301f979449f9bd6f0dcdd469) Importer(815301076,1909f56bfc062723c751e8b465ee728b)
Start importing Packages/com.unity.collab-proxy/Editor/Collaborate/Assets/Layouts/ListNotice.uxml using Guid(ce3b1c47301f979449f9bd6f0dcdd469) Importer(815301076,1909f56bfc062723c751e8b465ee728b)  -> (artifact id: 'b6bc061045aff7022cf3fd79864d33f0') in 0.007414 seconds 
========================================================================
Received Import Request.
  Time since last request: 0.001037 seconds.
  path: Packages/com.unity.visualscripting/Editor/VisualScripting.Flow/EditorAssetResources/Icons/Types/Unity.VisualScripting.NotApproximatelyEqual@32x.png
  artifactKey: Guid(f1806444851154a5fa84373366c4f4e8) Importer(815301076,1909f56bfc062723c751e8b465ee728b)
Start importing Packages/com.unity.visualscripting/Editor/VisualScripting.Flow/EditorAssetResources/Icons/Types/Unity.VisualScripting.NotApproximatelyEqual@32x.png using Guid(f1806444851154a5fa84373366c4f4e8) Importer(815301076,1909f56bfc062723c751e8b465ee728b)  -> (artifact id: 'e4ffc2b49d13471a4b4d9d5a70784cdf') in 0.013296 seconds 
========================================================================
Received Import Request.
  Time since last request: 0.000294 seconds.
  path: Packages/com.unity.visualscripting/Editor/VisualScripting.Flow/EditorAssetResources/Icons/Types/Unity.VisualScripting.NotEqual@32x.png
  artifactKey: Guid(66f12370da21e4c08802a77620b30eca) Importer(815301076,1909f56bfc062723c751e8b465ee728b)
Start importing Packages/com.unity.visualscripting/Editor/VisualScripting.Flow/EditorAssetResources/Icons/Types/Unity.VisualScripting.NotEqual@32x.png using Guid(66f12370da21e4c08802a77620b30eca) Importer(815301076,1909f56bfc062723c751e8b465ee728b)  -> (artifact id: '322ecebc53bbf7cbba21d9ffd152bc16') in 0.015317 seconds 
========================================================================
Received Import Request.
  Time since last request: 4.229124 seconds.
  path: Assets/Scenes/Common/Scripts/UI/Notifications.cs
  artifactKey: Guid(ad98717ccd52c1f4dada1c860b81b256) Importer(815301076,1909f56bfc062723c751e8b465ee728b)
Start importing Assets/Scenes/Common/Scripts/UI/Notifications.cs using Guid(ad98717ccd52c1f4dada1c860b81b256) Importer(815301076,1909f56bfc062723c751e8b465ee728b)  -> (artifact id: '4720f37e054302f9b22a3279acf7a156') in 0.012654 seconds 
========================================================================
Received Import Request.
  Time since last request: 22.344580 seconds.
  path: Assets/Scenes/Common/Scripts
  artifactKey: Guid(34dab65f8fdc21246af30687bb4dfd25) Importer(815301076,1909f56bfc062723c751e8b465ee728b)
Start importing Assets/Scenes/Common/Scripts using Guid(34dab65f8fdc21246af30687bb4dfd25) Importer(815301076,1909f56bfc062723c751e8b465ee728b)  -> (artifact id: 'ecb4b7b07c551427e3814a49456cc2d1') in 0.009809 seconds 
========================================================================
Received Import Request.
  Time since last request: 2.543959 seconds.
  path: Assets/Scenes/Common/Scripts/UI
  artifactKey: Guid(783196a385ec7da418565a05c129c127) Importer(815301076,1909f56bfc062723c751e8b465ee728b)
Start importing Assets/Scenes/Common/Scripts/UI using Guid(783196a385ec7da418565a05c129c127) Importer(815301076,1909f56bfc062723c751e8b465ee728b)  -> (artifact id: '7f01d3555d6c58d30266b5cc198f70c5') in 0.012301 seconds 
========================================================================
Received Import Request.
  Time since last request: 107.015582 seconds.
  path: Assets/Scenes/Levels/Hour2.unity
  artifactKey: Guid(b19dfa12e79351e438116ab7449eb6e0) Importer(815301076,1909f56bfc062723c751e8b465ee728b)
Start importing Assets/Scenes/Levels/Hour2.unity using Guid(b19dfa12e79351e438116ab7449eb6e0) Importer(815301076,1909f56bfc062723c751e8b465ee728b)  -> (artifact id: '29534a3b94d1d7d88633952f6490152a') in 0.003972 seconds 
========================================================================
Received Import Request.
  Time since last request: 11.418655 seconds.
  path: Assets/Scenes/Levels/Hour1.unity
  artifactKey: Guid(d1c3109bdb54ad54c8a2b2838528e640) Importer(815301076,1909f56bfc062723c751e8b465ee728b)
Start importing Assets/Scenes/Levels/Hour1.unity using Guid(d1c3109bdb54ad54c8a2b2838528e640) Importer(815301076,1909f56bfc062723c751e8b465ee728b)  -> (artifact id: 'ad75314fa7727787afd91b145e7e4a89') in 0.003410 seconds 
========================================================================
Received Prepare
Registering precompiled user dll's ...
Registered in 0.007813 seconds.
Begin MonoManager ReloadAssembly
Symbol file LoadedFromMemory doesn't match image C:\Users\Aryan Puthran\Unity Games\Current\MidnightPsychosis-main\Library\PackageCache\com.unity.visualscripting@1.6.1\Editor\VisualScripting.Core\Dependencies\YamlDotNet\Unity.VisualScripting.YamlDotNet.dll
Symbol file LoadedFromMemory doesn't match image C:\Users\Aryan Puthran\Unity Games\Current\MidnightPsychosis-main\Library\PackageCache\com.unity.visualscripting@1.6.1\Editor\VisualScripting.Core\Dependencies\DotNetZip\Unity.VisualScripting.IonicZip.dll
Native extension for WindowsStandalone target not found
Refreshing native plugins compatible for Editor in 0.81 ms, found 3 plugins.
Preloading 0 native plugins for Editor in 0.00 ms.
Mono: successfully reloaded assembly
- Completed reload, in  1.341 seconds
Domain Reload Profiling:
	ReloadAssembly (1341ms)
		BeginReloadAssembly (149ms)
			ExecutionOrderSort (0ms)
			DisableScriptedObjects (6ms)
			BackupInstance (0ms)
			ReleaseScriptingObjects (0ms)
			CreateAndSetChildDomain (48ms)
		EndReloadAssembly (1121ms)
			LoadAssemblies (105ms)
			RebuildTransferFunctionScriptingTraits (0ms)
			SetupTypeCache (428ms)
			ReleaseScriptCaches (2ms)
			RebuildScriptCaches (51ms)
			SetupLoadedEditorAssemblies (360ms)
				LogAssemblyErrors (0ms)
				InitializePlatformSupportModulesInManaged (5ms)
				SetLoadedEditorAssemblies (0ms)
				RefreshPlugins (1ms)
				BeforeProcessingInitializeOnLoad (80ms)
				ProcessInitializeOnLoadAttributes (260ms)
				ProcessInitializeOnLoadMethodAttributes (5ms)
				AfterProcessingInitializeOnLoad (9ms)
				EditorAssembliesLoaded (0ms)
			ExecutionOrderSort2 (0ms)
			AwakeInstancesAfterBackupRestoration (29ms)
Platform modules already initialized, skipping
Refreshing native plugins compatible for Editor in 0.81 ms, found 3 plugins.
Preloading 0 native plugins for Editor in 0.00 ms.
Unloading 4423 Unused Serialized files (Serialized files now loaded: 0)
System memory in use before: 183.8 MB.
System memory in use after: 181.2 MB.

Unloading 59 unused Assets to reduce memory usage. Loaded Objects now: 5124.
Total: 4.937700 ms (FindLiveObjects: 0.772600 ms CreateObjectMapping: 0.533800 ms MarkObjects: 2.498100 ms  DeleteObjects: 1.131600 ms)

AssetImportParameters requested are different than current active one (requested -> active):
  custom:framework-win-MediaFoundation: 216162199b28c13a410421893ffa2e32 -> 
  custom:video-decoder-ogg-theora: a1e56fd34408186e4bbccfd4996cb3dc -> 
  custom:container-muxer-webm: aa71ff27fc2769a1b78a27578f13a17b -> 
  custom:container-demuxer-webm: 4f35f7cbe854078d1ac9338744f61a02 -> 
  custom:container-demuxer-ogg: 62fdf1f143b41e24485cea50d1cbac27 -> 
  custom:video-encoder-webm-vp8: eb34c28f22e8b96e1ab97ce403110664 -> 
  custom:video-decoder-webm-vp8: 9c59270c3fd7afecdb556c50c9e8de78 -> 
  custom:audio-decoder-ogg-vorbis: bf7c407c2cedff20999df2af8eb42d56 -> 
  custom:audio-encoder-webm-vorbis: bf7c407c2cedff20999df2af8eb42d56 -> 
========================================================================
Received Import Request.
  Time since last request: 311.970098 seconds.
  path: Assets/Scenes/Levels/Hour1.unity
  artifactKey: Guid(d1c3109bdb54ad54c8a2b2838528e640) Importer(815301076,1909f56bfc062723c751e8b465ee728b)
Start importing Assets/Scenes/Levels/Hour1.unity using Guid(d1c3109bdb54ad54c8a2b2838528e640) Importer(815301076,1909f56bfc062723c751e8b465ee728b)  -> (artifact id: '4ebd150e6f4e02fcb30a4fe5fabc4526') in 0.020366 seconds 
========================================================================
Received Import Request.
  Time since last request: 0.800009 seconds.
  path: Assets/Scenes/Levels/Hour2.unity
  artifactKey: Guid(b19dfa12e79351e438116ab7449eb6e0) Importer(815301076,1909f56bfc062723c751e8b465ee728b)
Start importing Assets/Scenes/Levels/Hour2.unity using Guid(b19dfa12e79351e438116ab7449eb6e0) Importer(815301076,1909f56bfc062723c751e8b465ee728b)  -> (artifact id: 'e2f43395d92cee52f74320e4a3bdaeba') in 0.004980 seconds 
========================================================================
Received Prepare
Registering precompiled user dll's ...
Registered in 0.007506 seconds.
Begin MonoManager ReloadAssembly
Symbol file LoadedFromMemory doesn't match image C:\Users\Aryan Puthran\Unity Games\Current\MidnightPsychosis-main\Library\PackageCache\com.unity.visualscripting@1.6.1\Editor\VisualScripting.Core\Dependencies\YamlDotNet\Unity.VisualScripting.YamlDotNet.dll
Symbol file LoadedFromMemory doesn't match image C:\Users\Aryan Puthran\Unity Games\Current\MidnightPsychosis-main\Library\PackageCache\com.unity.visualscripting@1.6.1\Editor\VisualScripting.Core\Dependencies\DotNetZip\Unity.VisualScripting.IonicZip.dll
Native extension for WindowsStandalone target not found
Refreshing native plugins compatible for Editor in 0.83 ms, found 3 plugins.
Preloading 0 native plugins for Editor in 0.00 ms.
Mono: successfully reloaded assembly
- Completed reload, in  1.317 seconds
Domain Reload Profiling:
	ReloadAssembly (1317ms)
		BeginReloadAssembly (128ms)
			ExecutionOrderSort (0ms)
			DisableScriptedObjects (6ms)
			BackupInstance (0ms)
			ReleaseScriptingObjects (0ms)
			CreateAndSetChildDomain (40ms)
		EndReloadAssembly (1112ms)
			LoadAssemblies (101ms)
			RebuildTransferFunctionScriptingTraits (0ms)
			SetupTypeCache (440ms)
			ReleaseScriptCaches (2ms)
			RebuildScriptCaches (50ms)
			SetupLoadedEditorAssemblies (356ms)
				LogAssemblyErrors (0ms)
				InitializePlatformSupportModulesInManaged (5ms)
				SetLoadedEditorAssemblies (0ms)
				RefreshPlugins (1ms)
				BeforeProcessingInitializeOnLoad (80ms)
				ProcessInitializeOnLoadAttributes (255ms)
				ProcessInitializeOnLoadMethodAttributes (5ms)
				AfterProcessingInitializeOnLoad (8ms)
				EditorAssembliesLoaded (0ms)
			ExecutionOrderSort2 (0ms)
			AwakeInstancesAfterBackupRestoration (23ms)
Platform modules already initialized, skipping
Refreshing native plugins compatible for Editor in 0.83 ms, found 3 plugins.
Preloading 0 native plugins for Editor in 0.00 ms.
Unloading 4414 Unused Serialized files (Serialized files now loaded: 0)
System memory in use before: 183.4 MB.
System memory in use after: 180.9 MB.

Unloading 59 unused Assets to reduce memory usage. Loaded Objects now: 5126.
Total: 4.894100 ms (FindLiveObjects: 0.484600 ms CreateObjectMapping: 0.268400 ms MarkObjects: 2.955200 ms  DeleteObjects: 1.184500 ms)

AssetImportParameters requested are different than current active one (requested -> active):
  custom:framework-win-MediaFoundation: 216162199b28c13a410421893ffa2e32 -> 
  custom:video-decoder-ogg-theora: a1e56fd34408186e4bbccfd4996cb3dc -> 
  custom:container-muxer-webm: aa71ff27fc2769a1b78a27578f13a17b -> 
  custom:container-demuxer-webm: 4f35f7cbe854078d1ac9338744f61a02 -> 
  custom:container-demuxer-ogg: 62fdf1f143b41e24485cea50d1cbac27 -> 
  custom:video-encoder-webm-vp8: eb34c28f22e8b96e1ab97ce403110664 -> 
  custom:video-decoder-webm-vp8: 9c59270c3fd7afecdb556c50c9e8de78 -> 
  custom:audio-decoder-ogg-vorbis: bf7c407c2cedff20999df2af8eb42d56 -> 
  custom:audio-encoder-webm-vorbis: bf7c407c2cedff20999df2af8eb42d56 -> 
========================================================================
Received Import Request.
  Time since last request: 30.567146 seconds.
  path: Assets/Scenes/Levels/Hour2.unity
  artifactKey: Guid(b19dfa12e79351e438116ab7449eb6e0) Importer(815301076,1909f56bfc062723c751e8b465ee728b)
Start importing Assets/Scenes/Levels/Hour2.unity using Guid(b19dfa12e79351e438116ab7449eb6e0) Importer(815301076,1909f56bfc062723c751e8b465ee728b)  -> (artifact id: 'c7043872e262d9adaaa2a6d03a008e2b') in 0.018238 seconds 
========================================================================
Received Prepare
Registering precompiled user dll's ...
Registered in 0.007987 seconds.
Begin MonoManager ReloadAssembly
Symbol file LoadedFromMemory doesn't match image C:\Users\Aryan Puthran\Unity Games\Current\MidnightPsychosis-main\Library\PackageCache\com.unity.visualscripting@1.6.1\Editor\VisualScripting.Core\Dependencies\YamlDotNet\Unity.VisualScripting.YamlDotNet.dll
Symbol file LoadedFromMemory doesn't match image C:\Users\Aryan Puthran\Unity Games\Current\MidnightPsychosis-main\Library\PackageCache\com.unity.visualscripting@1.6.1\Editor\VisualScripting.Core\Dependencies\DotNetZip\Unity.VisualScripting.IonicZip.dll
Native extension for WindowsStandalone target not found
Refreshing native plugins compatible for Editor in 1.31 ms, found 3 plugins.
Preloading 0 native plugins for Editor in 0.00 ms.
Mono: successfully reloaded assembly
- Completed reload, in  1.254 seconds
Domain Reload Profiling:
	ReloadAssembly (1254ms)
		BeginReloadAssembly (135ms)
			ExecutionOrderSort (0ms)
			DisableScriptedObjects (7ms)
			BackupInstance (0ms)
			ReleaseScriptingObjects (0ms)
			CreateAndSetChildDomain (41ms)
		EndReloadAssembly (1051ms)
			LoadAssemblies (100ms)
			RebuildTransferFunctionScriptingTraits (0ms)
			SetupTypeCache (395ms)
			ReleaseScriptCaches (2ms)
			RebuildScriptCaches (49ms)
			SetupLoadedEditorAssemblies (345ms)
				LogAssemblyErrors (0ms)
				InitializePlatformSupportModulesInManaged (5ms)
				SetLoadedEditorAssemblies (1ms)
				RefreshPlugins (1ms)
				BeforeProcessingInitializeOnLoad (80ms)
				ProcessInitializeOnLoadAttributes (244ms)
				ProcessInitializeOnLoadMethodAttributes (5ms)
				AfterProcessingInitializeOnLoad (8ms)
				EditorAssembliesLoaded (0ms)
			ExecutionOrderSort2 (0ms)
			AwakeInstancesAfterBackupRestoration (21ms)
Platform modules already initialized, skipping
Refreshing native plugins compatible for Editor in 0.84 ms, found 3 plugins.
Preloading 0 native plugins for Editor in 0.00 ms.
Unloading 4414 Unused Serialized files (Serialized files now loaded: 0)
System memory in use before: 183.4 MB.
System memory in use after: 180.9 MB.

Unloading 59 unused Assets to reduce memory usage. Loaded Objects now: 5128.
Total: 4.658900 ms (FindLiveObjects: 0.605200 ms CreateObjectMapping: 0.384100 ms MarkObjects: 2.432500 ms  DeleteObjects: 1.236200 ms)

AssetImportParameters requested are different than current active one (requested -> active):
  custom:framework-win-MediaFoundation: 216162199b28c13a410421893ffa2e32 -> 
  custom:video-decoder-ogg-theora: a1e56fd34408186e4bbccfd4996cb3dc -> 
  custom:container-muxer-webm: aa71ff27fc2769a1b78a27578f13a17b -> 
  custom:container-demuxer-webm: 4f35f7cbe854078d1ac9338744f61a02 -> 
  custom:container-demuxer-ogg: 62fdf1f143b41e24485cea50d1cbac27 -> 
  custom:video-encoder-webm-vp8: eb34c28f22e8b96e1ab97ce403110664 -> 
  custom:video-decoder-webm-vp8: 9c59270c3fd7afecdb556c50c9e8de78 -> 
  custom:audio-decoder-ogg-vorbis: bf7c407c2cedff20999df2af8eb42d56 -> 
  custom:audio-encoder-webm-vorbis: bf7c407c2cedff20999df2af8eb42d56 -> 
========================================================================
Received Prepare
Registering precompiled user dll's ...
Registered in 0.008170 seconds.
Begin MonoManager ReloadAssembly
Symbol file LoadedFromMemory doesn't match image C:\Users\Aryan Puthran\Unity Games\Current\MidnightPsychosis-main\Library\PackageCache\com.unity.visualscripting@1.6.1\Editor\VisualScripting.Core\Dependencies\YamlDotNet\Unity.VisualScripting.YamlDotNet.dll
Symbol file LoadedFromMemory doesn't match image C:\Users\Aryan Puthran\Unity Games\Current\MidnightPsychosis-main\Library\PackageCache\com.unity.visualscripting@1.6.1\Editor\VisualScripting.Core\Dependencies\DotNetZip\Unity.VisualScripting.IonicZip.dll
Native extension for WindowsStandalone target not found
Refreshing native plugins compatible for Editor in 0.81 ms, found 3 plugins.
Preloading 0 native plugins for Editor in 0.00 ms.
Mono: successfully reloaded assembly
- Completed reload, in  1.299 seconds
Domain Reload Profiling:
	ReloadAssembly (1299ms)
		BeginReloadAssembly (128ms)
			ExecutionOrderSort (0ms)
			DisableScriptedObjects (8ms)
			BackupInstance (0ms)
			ReleaseScriptingObjects (0ms)
			CreateAndSetChildDomain (41ms)
		EndReloadAssembly (1105ms)
			LoadAssemblies (98ms)
			RebuildTransferFunctionScriptingTraits (0ms)
			SetupTypeCache (427ms)
			ReleaseScriptCaches (2ms)
			RebuildScriptCaches (53ms)
			SetupLoadedEditorAssemblies (360ms)
				LogAssemblyErrors (0ms)
				InitializePlatformSupportModulesInManaged (5ms)
				SetLoadedEditorAssemblies (0ms)
				RefreshPlugins (1ms)
				BeforeProcessingInitializeOnLoad (80ms)
				ProcessInitializeOnLoadAttributes (260ms)
				ProcessInitializeOnLoadMethodAttributes (5ms)
				AfterProcessingInitializeOnLoad (9ms)
				EditorAssembliesLoaded (0ms)
			ExecutionOrderSort2 (0ms)
			AwakeInstancesAfterBackupRestoration (23ms)
Platform modules already initialized, skipping
Refreshing native plugins compatible for Editor in 0.81 ms, found 3 plugins.
Preloading 0 native plugins for Editor in 0.00 ms.
Unloading 4414 Unused Serialized files (Serialized files now loaded: 0)
System memory in use before: 183.4 MB.
System memory in use after: 181.0 MB.

Unloading 59 unused Assets to reduce memory usage. Loaded Objects now: 5130.
Total: 5.292200 ms (FindLiveObjects: 0.546700 ms CreateObjectMapping: 0.551100 ms MarkObjects: 2.872400 ms  DeleteObjects: 1.321300 ms)

AssetImportParameters requested are different than current active one (requested -> active):
  custom:framework-win-MediaFoundation: 216162199b28c13a410421893ffa2e32 -> 
  custom:video-decoder-ogg-theora: a1e56fd34408186e4bbccfd4996cb3dc -> 
  custom:container-muxer-webm: aa71ff27fc2769a1b78a27578f13a17b -> 
  custom:container-demuxer-webm: 4f35f7cbe854078d1ac9338744f61a02 -> 
  custom:container-demuxer-ogg: 62fdf1f143b41e24485cea50d1cbac27 -> 
  custom:video-encoder-webm-vp8: eb34c28f22e8b96e1ab97ce403110664 -> 
  custom:video-decoder-webm-vp8: 9c59270c3fd7afecdb556c50c9e8de78 -> 
  custom:audio-decoder-ogg-vorbis: bf7c407c2cedff20999df2af8eb42d56 -> 
  custom:audio-encoder-webm-vorbis: bf7c407c2cedff20999df2af8eb42d56 -> 
========================================================================
Received Import Request.
  Time since last request: 636.398449 seconds.
  path: Assets/Scenes/Levels/Hour2.unity
  artifactKey: Guid(b19dfa12e79351e438116ab7449eb6e0) Importer(815301076,1909f56bfc062723c751e8b465ee728b)
Start importing Assets/Scenes/Levels/Hour2.unity using Guid(b19dfa12e79351e438116ab7449eb6e0) Importer(815301076,1909f56bfc062723c751e8b465ee728b)  -> (artifact id: '22169cc01ada551cca3f8c7ae8859c81') in 0.020938 seconds 
========================================================================
Received Import Request.
  Time since last request: 142.489418 seconds.
  path: Assets/Scenes/Levels/Hour1.unity
  artifactKey: Guid(d1c3109bdb54ad54c8a2b2838528e640) Importer(815301076,1909f56bfc062723c751e8b465ee728b)
Start importing Assets/Scenes/Levels/Hour1.unity using Guid(d1c3109bdb54ad54c8a2b2838528e640) Importer(815301076,1909f56bfc062723c751e8b465ee728b)  -> (artifact id: '3ad74cf5438ae66d76cc7bf445fa08f6') in 0.005617 seconds 
========================================================================
Received Import Request.
  Time since last request: 81.116581 seconds.
  path: Assets/Scenes/Levels/Hour1.unity
  artifactKey: Guid(d1c3109bdb54ad54c8a2b2838528e640) Importer(815301076,1909f56bfc062723c751e8b465ee728b)
Start importing Assets/Scenes/Levels/Hour1.unity using Guid(d1c3109bdb54ad54c8a2b2838528e640) Importer(815301076,1909f56bfc062723c751e8b465ee728b)  -> (artifact id: '5082370553a92cc56dbdf5811dd88aad') in 0.004836 seconds 
AssetImportWorkerClient::OnTransportError - code=2 error=End of file
